initial_stress_haiti.yaml: yaml-cpp: error at line 6, column 10: !ASAGI: Parameter 'parameters' is missing.
!<!ASAGI>
file: /hppfs/work/pn49ha/di35poq/dynamic-relaxation-outputs/step500_smooth7_volumetric/gridded_asagi_0.nc
var: data
interpolation: linear
initial_stress_haiti.yaml: yaml-cpp: error at line 6, column 10: !ASAGI: Parameter 'parameters' is missing.
!<!ASAGI>
file: /hppfs/work/pn49ha/di35poq/dynamic-relaxation-outputs/step500_smooth7_volumetric/gridded_asagi_0.nc
var: data
interpolation: linear
initial_stress_haiti.yaml: yaml-cpp: error at line 6, column 10: !ASAGI: Parameter 'parameters' is missing.
!<!ASAGI>
file: /hppfs/work/pn49ha/di35poq/dynamic-relaxation-outputs/step500_smooth7_volumetric/gridded_asagi_0.nc
var: data
interpolation: linear
initial_stress_haiti.yaml: yaml-cpp: error at line 6, column 10: !ASAGI: Parameter 'parameters' is missing.
!<!ASAGI>
file: /hppfs/work/pn49ha/di35poq/dynamic-relaxation-outputs/step500_smooth7_volumetric/gridded_asagi_0.nc
var: data
interpolation: linear
initial_stress_haiti.yaml: yaml-cpp: error at line 6, column 10: !ASAGI: Parameter 'parameters' is missing.
!<!ASAGI>
file: /hppfs/work/pn49ha/di35poq/dynamic-relaxation-outputs/step500_smooth7_volumetric/gridded_asagi_0.nc
var: data
interpolation: linear
initial_stress_haiti.yaml: yaml-cpp: error at line 6, column 10: !ASAGI: Parameter 'parameters' is missing.
!<!ASAGI>
file: /hppfs/work/pn49ha/di35poq/dynamic-relaxation-outputs/step500_smooth7_volumetric/gridded_asagi_0.nc
var: data
interpolation: linear
initial_stress_haiti.yaml: yaml-cpp: error at line 6, column 10: !ASAGI: Parameter 'parameters' is missing.
!<!ASAGI>
file: /hppfs/work/pn49ha/di35poq/dynamic-relaxation-outputs/step500_smooth7_volumetric/gridded_asagi_0.nc
var: data
interpolation: linear
terminate called after throwing an instance of 'std::runtime_error'
  what():  Error while parsing easi model file.
initial_stress_haiti.yaml: yaml-cpp: error at line 6, column 10: !ASAGI: Parameter 'parameters' is missing.
!<!ASAGI>
file: /hppfs/work/pn49ha/di35poq/dynamic-relaxation-outputs/step500_smooth7_volumetric/gridded_asagi_0.nc
var: data
interpolation: linear
initial_stress_haiti.yaml: yaml-cpp: error at line 6, column 10: !ASAGI: Parameter 'parameters' is missing.
!<!ASAGI>
file: /hppfs/work/pn49ha/di35poq/dynamic-relaxation-outputs/step500_smooth7_volumetric/gridded_asagi_0.nc
var: data
interpolation: linear
terminate called after throwing an instance of 'std::runtime_error'
initial_stress_haiti.yaml: yaml-cpp: error at line 6, column 10: !ASAGI: Parameter 'parameters' is missing.
!<!ASAGI>
file: /hppfs/work/pn49ha/di35poq/dynamic-relaxation-outputs/step500_smooth7_volumetric/gridded_asagi_0.nc
var: data
interpolation: linear
initial_stress_haiti.yaml: yaml-cpp: error at line 6, column 10: !ASAGI: Parameter 'parameters' is missing.
!<!ASAGI>
file: /hppfs/work/pn49ha/di35poq/dynamic-relaxation-outputs/step500_smooth7_volumetric/gridded_asagi_0.nc
var: data
interpolation: linear
terminate called after throwing an instance of 'std::runtime_error'
initial_stress_haiti.yaml: yaml-cpp: error at line 6, column 10: !ASAGI: Parameter 'parameters' is missing.
!<!ASAGI>
file: /hppfs/work/pn49ha/di35poq/dynamic-relaxation-outputs/step500_smooth7_volumetric/gridded_asagi_0.nc
var: data
interpolation: linear
terminate called after throwing an instance of 'std::runtime_error'
terminate called after throwing an instance of 'std::runtime_error'
initial_stress_haiti.yaml: yaml-cpp: error at line 6, column 10: !ASAGI: Parameter 'parameters' is missing.
!<!ASAGI>
file: /hppfs/work/pn49ha/di35poq/dynamic-relaxation-outputs/step500_smooth7_volumetric/gridded_asagi_0.nc
var: data
interpolation: linear
initial_stress_haiti.yaml: yaml-cpp: error at line 6, column 10: !ASAGI: Parameter 'parameters' is missing.
!<!ASAGI>
file: /hppfs/work/pn49ha/di35poq/dynamic-relaxation-outputs/step500_smooth7_volumetric/gridded_asagi_0.nc
var: data
interpolation: linear
initial_stress_haiti.yaml: yaml-cpp: error at line 6, column 10: !ASAGI: Parameter 'parameters' is missing.
!<!ASAGI>
file: /hppfs/work/pn49ha/di35poq/dynamic-relaxation-outputs/step500_smooth7_volumetric/gridded_asagi_0.nc
var: data
interpolation: linear
terminate called after throwing an instance of 'std::runtime_error'
initial_stress_haiti.yaml: yaml-cpp: error at line 6, column 10: !ASAGI: Parameter 'parameters' is missing.
!<!ASAGI>
file: /hppfs/work/pn49ha/di35poq/dynamic-relaxation-outputs/step500_smooth7_volumetric/gridded_asagi_0.nc
var: data
interpolation: linear
terminate called after throwing an instance of 'std::runtime_error'
terminate called after throwing an instance of 'std::runtime_error'
terminate called after throwing an instance of 'std::runtime_error'
  what():  Error while parsing easi model file.
terminate called after throwing an instance of 'std::runtime_error'
terminate called after throwing an instance of 'std::runtime_error'
  what():  Error while parsing easi model file.
terminate called after throwing an instance of 'std::runtime_error'
  what():  Error while parsing easi model file.
  what():  Error while parsing easi model file.
terminate called after throwing an instance of 'std::runtime_error'
terminate called after throwing an instance of 'std::runtime_error'
  what():  Error while parsing easi model file.
terminate called after throwing an instance of 'std::runtime_error'
  what():  Error while parsing easi model file.
terminate called after throwing an instance of 'std::runtime_error'
  what():  Error while parsing easi model file.
  what():  Error while parsing easi model file.
  what():  Error while parsing easi model file.
  what():  Error while parsing easi model file.
  what():  Error while parsing easi model file.
  what():  Error while parsing easi model file.
  what():  Error while parsing easi model file.
  what():  Error while parsing easi model file.
  what():  Error while parsing easi model file.
srun: error: i01r01c02s03: task 13: Aborted (core dumped)
srun: launch/slurm: _step_signal: Terminating StepId=3393570.0
srun: error: i01r01c02s02: task 12: Aborted (core dumped)
srun: error: i01r01c01s03: task 2: Aborted (core dumped)
srun: error: i01r01c01s12: task 10: Aborted (core dumped)
srun: error: i01r01c02s05: task 15: Aborted (core dumped)
srun: error: i01r01c01s07: task 5: Aborted (core dumped)
srun: error: i01r01c01s08: task 6: Aborted (core dumped)
srun: error: i01r01c01s02: task 1: Aborted (core dumped)
srun: error: i01r01c01s10: task 8: Aborted (core dumped)
srun: error: i01r01c02s01: task 11: Aborted (core dumped)
srun: error: i01r01c01s09: task 7: Aborted (core dumped)
srun: error: i01r01c01s01: task 0: Aborted (core dumped)
srun: error: i01r01c01s11: task 9: Aborted (core dumped)
srun: error: i01r01c02s04: task 14: Aborted (core dumped)
srun: error: i01r01c01s05: task 4: Aborted (core dumped)
srun: error: i01r01c01s04: task 3: Aborted (core dumped)
