Sat Jun 08 02:01:48, Error: Please specify a correct parametrization of the  nucleation stress. You have either not specified all parameters or an uncommom mixture of parameters. Give either all of  (nuc_xx, nuc_yy, nuc_zz, nuc_xy, nuc_yz, nuc_xz) or all of (Tnuc_n, Tnuc_s, Tnuc_d) , but not a mixture 
Sat Jun 08 02:01:48, Error: Please specify a correct parametrization of the  nucleation stress. You have either not specified all parameters or an uncommom mixture of parameters. Give either all of  (nuc_xx, nuc_yy, nuc_zz, nuc_xy, nuc_yz, nuc_xz) or all of (Tnuc_n, Tnuc_s, Tnuc_d) , but not a mixture 
Sat Jun 08 02:01:48, Error: Please specify a correct parametrization of the  nucleation stress. You have either not specified all parameters or an uncommom mixture of parameters. Give either all of  (nuc_xx, nuc_yy, nuc_zz, nuc_xy, nuc_yz, nuc_xz) or all of (Tnuc_n, Tnuc_s, Tnuc_d) , but not a mixture 
Sat Jun 08 02:01:48, Error: Please specify a correct parametrization of the  nucleation stress. You have either not specified all parameters or an uncommom mixture of parameters. Give either all of  (nuc_xx, nuc_yy, nuc_zz, nuc_xy, nuc_yz, nuc_xz) or all of (Tnuc_n, Tnuc_s, Tnuc_d) , but not a mixture 
Backtrace:
/dss/dsshome1/01/di35poq/SeisSol/build-release/SeisSol_Release_dskx_4_elastic(_ZN5utils6LoggerD1Ev+0x341) [0x481a01]
/dss/dsshome1/01/di35poq/SeisSol/build-release/SeisSol_Release_dskx_4_elastic() [0x714426]
/dss/dsshome1/01/di35poq/SeisSol/build-release/SeisSol_Release_dskx_4_elastic() [0x71658b]
/dss/dsshome1/01/di35poq/SeisSol/build-release/SeisSol_Release_dskx_4_elastic() [0x715bb2]
/dss/dsshome1/01/di35poq/SeisSol/build-release/SeisSol_Release_dskx_4_elastic() [0x71bf99]
/dss/dsshome1/01/di35poq/SeisSol/build-release/SeisSol_Release_dskx_4_elastic() [0x5244cd]
/dss/dsshome1/01/di35poq/SeisSol/build-release/SeisSol_Release_dskx_4_elastic() [0x527170]
/dss/dsshome1/01/di35poq/SeisSol/build-release/SeisSol_Release_dskx_4_elastic() [0x5170ee]
/dss/dsshome1/01/di35poq/SeisSol/build-release/SeisSol_Release_dskx_4_elastic() [0x414e67]
/lib64/libc.so.6(__libc_start_main+0xef) [0x7fc65a3eb2bd]
/dss/dsshome1/01/di35poq/SeisSol/build-release/SeisSol_Release_dskx_4_elastic() [0x413e2a]
Backtrace:
/dss/dsshome1/01/di35poq/SeisSol/build-release/SeisSol_Release_dskx_4_elastic(_ZN5utils6LoggerD1Ev+0x341) [0x481a01]
/dss/dsshome1/01/di35poq/SeisSol/build-release/SeisSol_Release_dskx_4_elastic() [0x714426]
/dss/dsshome1/01/di35poq/SeisSol/build-release/SeisSol_Release_dskx_4_elastic() [0x71658b]
/dss/dsshome1/01/di35poq/SeisSol/build-release/SeisSol_Release_dskx_4_elastic() [0x715bb2]
/dss/dsshome1/01/di35poq/SeisSol/build-release/SeisSol_Release_dskx_4_elastic() [0x71bf99]
/dss/dsshome1/01/di35poq/SeisSol/build-release/SeisSol_Release_dskx_4_elastic() [0x5244cd]
/dss/dsshome1/01/di35poq/SeisSol/build-release/SeisSol_Release_dskx_4_elastic() [0x527170]
/dss/dsshome1/01/di35poq/SeisSol/build-release/SeisSol_Release_dskx_4_elastic() [0x5170ee]
/dss/dsshome1/01/di35poq/SeisSol/build-release/SeisSol_Release_dskx_4_elastic() [0x414e67]
/lib64/libc.so.6(__libc_start_main+0xef) [0x7f3fee1762bd]
/dss/dsshome1/01/di35poq/SeisSol/build-release/SeisSol_Release_dskx_4_elastic() [0x413e2a]
Backtrace:
/dss/dsshome1/01/di35poq/SeisSol/build-release/SeisSol_Release_dskx_4_elastic(_ZN5utils6LoggerD1Ev+0x341) [0x481a01]
/dss/dsshome1/01/di35poq/SeisSol/build-release/SeisSol_Release_dskx_4_elastic() [0x714426]
/dss/dsshome1/01/di35poq/SeisSol/build-release/SeisSol_Release_dskx_4_elastic() [0x71658b]
/dss/dsshome1/01/di35poq/SeisSol/build-release/SeisSol_Release_dskx_4_elastic() [0x715bb2]
/dss/dsshome1/01/di35poq/SeisSol/build-release/SeisSol_Release_dskx_4_elastic() [0x71bf99]
/dss/dsshome1/01/di35poq/SeisSol/build-release/SeisSol_Release_dskx_4_elastic() [0x5244cd]
/dss/dsshome1/01/di35poq/SeisSol/build-release/SeisSol_Release_dskx_4_elastic() [0x527170]
/dss/dsshome1/01/di35poq/SeisSol/build-release/SeisSol_Release_dskx_4_elastic() [0x5170ee]
/dss/dsshome1/01/di35poq/SeisSol/build-release/SeisSol_Release_dskx_4_elastic() [0x414e67]
/lib64/libc.so.6(__libc_start_main+0xef) [0x7f6cc69462bd]
/dss/dsshome1/01/di35poq/SeisSol/build-release/SeisSol_Release_dskx_4_elastic() [0x413e2a]
Abort(134) on node 10 (rank 10 in comm 0): application called MPI_Abort(MPI_COMM_WORLD, 134) - process 10
Sat Jun 08 02:01:48, Error: Please specify a correct parametrization of the  nucleation stress. You have either not specified all parameters or an uncommom mixture of parameters. Give either all of  (nuc_xx, nuc_yy, nuc_zz, nuc_xy, nuc_yz, nuc_xz) or all of (Tnuc_n, Tnuc_s, Tnuc_d) , but not a mixture 
Abort(134) on node 5 (rank 5 in comm 0): application called MPI_Abort(MPI_COMM_WORLD, 134) - process 5
Abort(134) on node 4 (rank 4 in comm 0): application called MPI_Abort(MPI_COMM_WORLD, 134) - process 4
Backtrace:
/dss/dsshome1/01/di35poq/SeisSol/build-release/SeisSol_Release_dskx_4_elastic(_ZN5utils6LoggerD1Ev+0x341) [0x481a01]
/dss/dsshome1/01/di35poq/SeisSol/build-release/SeisSol_Release_dskx_4_elastic() [0x714426]
/dss/dsshome1/01/di35poq/SeisSol/build-release/SeisSol_Release_dskx_4_elastic() [0x71658b]
/dss/dsshome1/01/di35poq/SeisSol/build-release/SeisSol_Release_dskx_4_elastic() [0x715bb2]
/dss/dsshome1/01/di35poq/SeisSol/build-release/SeisSol_Release_dskx_4_elastic() [0x71bf99]
/dss/dsshome1/01/di35poq/SeisSol/build-release/SeisSol_Release_dskx_4_elastic() [0x5244cd]
/dss/dsshome1/01/di35poq/SeisSol/build-release/SeisSol_Release_dskx_4_elastic() [0x527170]
/dss/dsshome1/01/di35poq/SeisSol/build-release/SeisSol_Release_dskx_4_elastic() [0x5170ee]
/dss/dsshome1/01/di35poq/SeisSol/build-release/SeisSol_Release_dskx_4_elastic() [0x414e67]
/lib64/libc.so.6(__libc_start_main+0xef) [0x7fa0d597e2bd]
/dss/dsshome1/01/di35poq/SeisSol/build-release/SeisSol_Release_dskx_4_elastic() [0x413e2a]
Backtrace:
/dss/dsshome1/01/di35poq/SeisSol/build-release/SeisSol_Release_dskx_4_elastic(_ZN5utils6LoggerD1Ev+0x341) [0x481a01]
/dss/dsshome1/01/di35poq/SeisSol/build-release/SeisSol_Release_dskx_4_elastic() [0x714426]
/dss/dsshome1/01/di35poq/SeisSol/build-release/SeisSol_Release_dskx_4_elastic() [0x71658b]
/dss/dsshome1/01/di35poq/SeisSol/build-release/SeisSol_Release_dskx_4_elastic() [0x715bb2]
/dss/dsshome1/01/di35poq/SeisSol/build-release/SeisSol_Release_dskx_4_elastic() [0x71bf99]
/dss/dsshome1/01/di35poq/SeisSol/build-release/SeisSol_Release_dskx_4_elastic() [0x5244cd]
/dss/dsshome1/01/di35poq/SeisSol/build-release/SeisSol_Release_dskx_4_elastic() [0x527170]
/dss/dsshome1/01/di35poq/SeisSol/build-release/SeisSol_Release_dskx_4_elastic() [0x5170ee]
/dss/dsshome1/01/di35poq/SeisSol/build-release/SeisSol_Release_dskx_4_elastic() [0x414e67]
/lib64/libc.so.6(__libc_start_main+0xef) [0x7fa9ab0f12bd]
/dss/dsshome1/01/di35poq/SeisSol/build-release/SeisSol_Release_dskx_4_elastic() [0x413e2a]
Abort(134) on node 1 (rank 1 in comm 0): application called MPI_Abort(MPI_COMM_WORLD, 134) - process 1
Abort(134) on node 12 (rank 12 in comm 0): application called MPI_Abort(MPI_COMM_WORLD, 134) - process 12
Sat Jun 08 02:01:48, Error: Please specify a correct parametrization of the  nucleation stress. You have either not specified all parameters or an uncommom mixture of parameters. Give either all of  (nuc_xx, nuc_yy, nuc_zz, nuc_xy, nuc_yz, nuc_xz) or all of (Tnuc_n, Tnuc_s, Tnuc_d) , but not a mixture 
Sat Jun 08 02:01:48, Error: Please specify a correct parametrization of the  nucleation stress. You have either not specified all parameters or an uncommom mixture of parameters. Give either all of  (nuc_xx, nuc_yy, nuc_zz, nuc_xy, nuc_yz, nuc_xz) or all of (Tnuc_n, Tnuc_s, Tnuc_d) , but not a mixture 
Backtrace:
/dss/dsshome1/01/di35poq/SeisSol/build-release/SeisSol_Release_dskx_4_elastic(_ZN5utils6LoggerD1Ev+0x341) [0x481a01]
/dss/dsshome1/01/di35poq/SeisSol/build-release/SeisSol_Release_dskx_4_elastic() [0x714426]
/dss/dsshome1/01/di35poq/SeisSol/build-release/SeisSol_Release_dskx_4_elastic() [0x71658b]
/dss/dsshome1/01/di35poq/SeisSol/build-release/SeisSol_Release_dskx_4_elastic() [0x715bb2]
/dss/dsshome1/01/di35poq/SeisSol/build-release/SeisSol_Release_dskx_4_elastic() [0x71bf99]
/dss/dsshome1/01/di35poq/SeisSol/build-release/SeisSol_Release_dskx_4_elastic() [0x5244cd]
/dss/dsshome1/01/di35poq/SeisSol/build-release/SeisSol_Release_dskx_4_elastic() [0x527170]
/dss/dsshome1/01/di35poq/SeisSol/build-release/SeisSol_Release_dskx_4_elastic() [0x5170ee]
/dss/dsshome1/01/di35poq/SeisSol/build-release/SeisSol_Release_dskx_4_elastic() [0x414e67]
/lib64/libc.so.6(__libc_start_main+0xef) [0x7f985f2f02bd]
/dss/dsshome1/01/di35poq/SeisSol/build-release/SeisSol_Release_dskx_4_elastic() [0x413e2a]
Abort(134) on node 9 (rank 9 in comm 0): application called MPI_Abort(MPI_COMM_WORLD, 134) - process 9
Backtrace:
/dss/dsshome1/01/di35poq/SeisSol/build-release/SeisSol_Release_dskx_4_elastic(_ZN5utils6LoggerD1Ev+0x341) [0x481a01]
/dss/dsshome1/01/di35poq/SeisSol/build-release/SeisSol_Release_dskx_4_elastic() [0x714426]
/dss/dsshome1/01/di35poq/SeisSol/build-release/SeisSol_Release_dskx_4_elastic() [0x71658b]
/dss/dsshome1/01/di35poq/SeisSol/build-release/SeisSol_Release_dskx_4_elastic() [0x715bb2]
/dss/dsshome1/01/di35poq/SeisSol/build-release/SeisSol_Release_dskx_4_elastic() [0x71bf99]
/dss/dsshome1/01/di35poq/SeisSol/build-release/SeisSol_Release_dskx_4_elastic() [0x5244cd]
/dss/dsshome1/01/di35poq/SeisSol/build-release/SeisSol_Release_dskx_4_elastic() [0x527170]
/dss/dsshome1/01/di35poq/SeisSol/build-release/SeisSol_Release_dskx_4_elastic() [0x5170ee]
/dss/dsshome1/01/di35poq/SeisSol/build-release/SeisSol_Release_dskx_4_elastic() [0x414e67]
/lib64/libc.so.6(__libc_start_main+0xef) [0x7f6f495152bd]
/dss/dsshome1/01/di35poq/SeisSol/build-release/SeisSol_Release_dskx_4_elastic() [0x413e2a]
Abort(134) on node 0 (rank 0 in comm 0): application called MPI_Abort(MPI_COMM_WORLD, 134) - process 0
Sat Jun 08 02:01:48, Error: Please specify a correct parametrization of the  nucleation stress. You have either not specified all parameters or an uncommom mixture of parameters. Give either all of  (nuc_xx, nuc_yy, nuc_zz, nuc_xy, nuc_yz, nuc_xz) or all of (Tnuc_n, Tnuc_s, Tnuc_d) , but not a mixture 
Sat Jun 08 02:01:48, Error: Please specify a correct parametrization of the  nucleation stress. You have either not specified all parameters or an uncommom mixture of parameters. Give either all of  (nuc_xx, nuc_yy, nuc_zz, nuc_xy, nuc_yz, nuc_xz) or all of (Tnuc_n, Tnuc_s, Tnuc_d) , but not a mixture 
Sat Jun 08 02:01:48, Error: Please specify a correct parametrization of the  nucleation stress. You have either not specified all parameters or an uncommom mixture of parameters. Give either all of  (nuc_xx, nuc_yy, nuc_zz, nuc_xy, nuc_yz, nuc_xz) or all of (Tnuc_n, Tnuc_s, Tnuc_d) , but not a mixture 
Backtrace:
/dss/dsshome1/01/di35poq/SeisSol/build-release/SeisSol_Release_dskx_4_elastic(_ZN5utils6LoggerD1Ev+0x341) [0x481a01]
/dss/dsshome1/01/di35poq/SeisSol/build-release/SeisSol_Release_dskx_4_elastic() [0x714426]
/dss/dsshome1/01/di35poq/SeisSol/build-release/SeisSol_Release_dskx_4_elastic() [0x71658b]
/dss/dsshome1/01/di35poq/SeisSol/build-release/SeisSol_Release_dskx_4_elastic() [0x715bb2]
/dss/dsshome1/01/di35poq/SeisSol/build-release/SeisSol_Release_dskx_4_elastic() [0x71bf99]
/dss/dsshome1/01/di35poq/SeisSol/build-release/SeisSol_Release_dskx_4_elastic() [0x5244cd]
/dss/dsshome1/01/di35poq/SeisSol/build-release/SeisSol_Release_dskx_4_elastic() [0x527170]
/dss/dsshome1/01/di35poq/SeisSol/build-release/SeisSol_Release_dskx_4_elastic() [0x5170ee]
/dss/dsshome1/01/di35poq/SeisSol/build-release/SeisSol_Release_dskx_4_elastic() [0x414e67]
/lib64/libc.so.6(__libc_start_main+0xef) [0x7f073e50b2bd]
/dss/dsshome1/01/di35poq/SeisSol/build-release/SeisSol_Release_dskx_4_elastic() [0x413e2a]
Abort(134) on node 7 (rank 7 in comm 0): application called MPI_Abort(MPI_COMM_WORLD, 134) - process 7
Sat Jun 08 02:01:48, Error: Please specify a correct parametrization of the  nucleation stress. You have either not specified all parameters or an uncommom mixture of parameters. Give either all of  (nuc_xx, nuc_yy, nuc_zz, nuc_xy, nuc_yz, nuc_xz) or all of (Tnuc_n, Tnuc_s, Tnuc_d) , but not a mixture 
Backtrace:
/dss/dsshome1/01/di35poq/SeisSol/build-release/SeisSol_Release_dskx_4_elastic(_ZN5utils6LoggerD1Ev+0x341) [0x481a01]
/dss/dsshome1/01/di35poq/SeisSol/build-release/SeisSol_Release_dskx_4_elastic() [0x714426]
/dss/dsshome1/01/di35poq/SeisSol/build-release/SeisSol_Release_dskx_4_elastic() [0x71658b]
/dss/dsshome1/01/di35poq/SeisSol/build-release/SeisSol_Release_dskx_4_elastic() [0x715bb2]
/dss/dsshome1/01/di35poq/SeisSol/build-release/SeisSol_Release_dskx_4_elastic() [0x71bf99]
/dss/dsshome1/01/di35poq/SeisSol/build-release/SeisSol_Release_dskx_4_elastic() [0x5244cd]
/dss/dsshome1/01/di35poq/SeisSol/build-release/SeisSol_Release_dskx_4_elastic() [0x527170]
/dss/dsshome1/01/di35poq/SeisSol/build-release/SeisSol_Release_dskx_4_elastic() [0x5170ee]
/dss/dsshome1/01/di35poq/SeisSol/build-release/SeisSol_Release_dskx_4_elastic() [0x414e67]
/lib64/libc.so.6(__libc_start_main+0xef) [0x7fb77f6612bd]
/dss/dsshome1/01/di35poq/SeisSol/build-release/SeisSol_Release_dskx_4_elastic() [0x413e2a]
Abort(134) on node 15 (rank 15 in comm 0): application called MPI_Abort(MPI_COMM_WORLD, 134) - process 15
Sat Jun 08 02:01:48, Error: Please specify a correct parametrization of the  nucleation stress. You have either not specified all parameters or an uncommom mixture of parameters. Give either all of  (nuc_xx, nuc_yy, nuc_zz, nuc_xy, nuc_yz, nuc_xz) or all of (Tnuc_n, Tnuc_s, Tnuc_d) , but not a mixture 
Sat Jun 08 02:01:48, Error: Please specify a correct parametrization of the  nucleation stress. You have either not specified all parameters or an uncommom mixture of parameters. Give either all of  (nuc_xx, nuc_yy, nuc_zz, nuc_xy, nuc_yz, nuc_xz) or all of (Tnuc_n, Tnuc_s, Tnuc_d) , but not a mixture 
Backtrace:
/dss/dsshome1/01/di35poq/SeisSol/build-release/SeisSol_Release_dskx_4_elastic(_ZN5utils6LoggerD1Ev+0x341) [0x481a01]
/dss/dsshome1/01/di35poq/SeisSol/build-release/SeisSol_Release_dskx_4_elastic() [0x714426]
/dss/dsshome1/01/di35poq/SeisSol/build-release/SeisSol_Release_dskx_4_elastic() [0x71658b]
/dss/dsshome1/01/di35poq/SeisSol/build-release/SeisSol_Release_dskx_4_elastic() [0x715bb2]
/dss/dsshome1/01/di35poq/SeisSol/build-release/SeisSol_Release_dskx_4_elastic() [0x71bf99]
/dss/dsshome1/01/di35poq/SeisSol/build-release/SeisSol_Release_dskx_4_elastic() [0x5244cd]
/dss/dsshome1/01/di35poq/SeisSol/build-release/SeisSol_Release_dskx_4_elastic() [0x527170]
/dss/dsshome1/01/di35poq/SeisSol/build-release/SeisSol_Release_dskx_4_elastic() [0x5170ee]
/dss/dsshome1/01/di35poq/SeisSol/build-release/SeisSol_Release_dskx_4_elastic() [0x414e67]
/lib64/libc.so.6(__libc_start_main+0xef) [0x7f9455b3b2bd]
/dss/dsshome1/01/di35poq/SeisSol/build-release/SeisSol_Release_dskx_4_elastic() [0x413e2a]
Abort(134) on node 14 (rank 14 in comm 0): application called MPI_Abort(MPI_COMM_WORLD, 134) - process 14
Backtrace:
/dss/dsshome1/01/di35poq/SeisSol/build-release/SeisSol_Release_dskx_4_elastic(_ZN5utils6LoggerD1Ev+0x341) [0x481a01]
/dss/dsshome1/01/di35poq/SeisSol/build-release/SeisSol_Release_dskx_4_elastic() [0x714426]
/dss/dsshome1/01/di35poq/SeisSol/build-release/SeisSol_Release_dskx_4_elastic() [0x71658b]
/dss/dsshome1/01/di35poq/SeisSol/build-release/SeisSol_Release_dskx_4_elastic() [0x715bb2]
/dss/dsshome1/01/di35poq/SeisSol/build-release/SeisSol_Release_dskx_4_elastic() [0x71bf99]
/dss/dsshome1/01/di35poq/SeisSol/build-release/SeisSol_Release_dskx_4_elastic() [0x5244cd]
/dss/dsshome1/01/di35poq/SeisSol/build-release/SeisSol_Release_dskx_4_elastic() [0x527170]
/dss/dsshome1/01/di35poq/SeisSol/build-release/SeisSol_Release_dskx_4_elastic() [0x5170ee]
/dss/dsshome1/01/di35poq/SeisSol/build-release/SeisSol_Release_dskx_4_elastic() [0x414e67]
/lib64/libc.so.6(__libc_start_main+0xef) [0x7f807991c2bd]
/dss/dsshome1/01/di35poq/SeisSol/build-release/SeisSol_Release_dskx_4_elastic() [0x413e2a]
Backtrace:
/dss/dsshome1/01/di35poq/SeisSol/build-release/SeisSol_Release_dskx_4_elastic(_ZN5utils6LoggerD1Ev+0x341) [0x481a01]
/dss/dsshome1/01/di35poq/SeisSol/build-release/SeisSol_Release_dskx_4_elastic() [0x714426]
/dss/dsshome1/01/di35poq/SeisSol/build-release/SeisSol_Release_dskx_4_elastic() [0x71658b]
/dss/dsshome1/01/di35poq/SeisSol/build-release/SeisSol_Release_dskx_4_elastic() [0x715bb2]
/dss/dsshome1/01/di35poq/SeisSol/build-release/SeisSol_Release_dskx_4_elastic() [0x71bf99]
/dss/dsshome1/01/di35poq/SeisSol/build-release/SeisSol_Release_dskx_4_elastic() [0x5244cd]
/dss/dsshome1/01/di35poq/SeisSol/build-release/SeisSol_Release_dskx_4_elastic() [0x527170]
/dss/dsshome1/01/di35poq/SeisSol/build-release/SeisSol_Release_dskx_4_elastic() [0x5170ee]
/dss/dsshome1/01/di35poq/SeisSol/build-release/SeisSol_Release_dskx_4_elastic() [0x414e67]
/lib64/libc.so.6(__libc_start_main+0xef) [0x7f57f5e322bd]
/dss/dsshome1/01/di35poq/SeisSol/build-release/SeisSol_Release_dskx_4_elastic() [0x413e2a]
Abort(134) on node 11 (rank 11 in comm 0): application called MPI_Abort(MPI_COMM_WORLD, 134) - process 11
Backtrace:
/dss/dsshome1/01/di35poq/SeisSol/build-release/SeisSol_Release_dskx_4_elastic(_ZN5utils6LoggerD1Ev+0x341) [0x481a01]
/dss/dsshome1/01/di35poq/SeisSol/build-release/SeisSol_Release_dskx_4_elastic() [0x714426]
/dss/dsshome1/01/di35poq/SeisSol/build-release/SeisSol_Release_dskx_4_elastic() [0x71658b]
/dss/dsshome1/01/di35poq/SeisSol/build-release/SeisSol_Release_dskx_4_elastic() [0x715bb2]
/dss/dsshome1/01/di35poq/SeisSol/build-release/SeisSol_Release_dskx_4_elastic() [0x71bf99]
/dss/dsshome1/01/di35poq/SeisSol/build-release/SeisSol_Release_dskx_4_elastic() [0x5244cd]
/dss/dsshome1/01/di35poq/SeisSol/build-release/SeisSol_Release_dskx_4_elastic() [0x527170]
/dss/dsshome1/01/di35poq/SeisSol/build-release/SeisSol_Release_dskx_4_elastic() [0x5170ee]
/dss/dsshome1/01/di35poq/SeisSol/build-release/SeisSol_Release_dskx_4_elastic() [0x414e67]
/lib64/libc.so.6(__libc_start_main+0xef) [0x7f185ddce2bd]
/dss/dsshome1/01/di35poq/SeisSol/build-release/SeisSol_Release_dskx_4_elastic() [0x413e2a]
Abort(134) on node 3 (rank 3 in comm 0): application called MPI_Abort(MPI_COMM_WORLD, 134) - process 3
Abort(134) on node 2 (rank 2 in comm 0): application called MPI_Abort(MPI_COMM_WORLD, 134) - process 2
slurmstepd: error: *** STEP 3411120.0 ON i01r01c02s07 CANCELLED AT 2024-06-08T02:01:48 ***
slurmstepd: error: _cgroup_procs_check: failed on path /sys/fs/cgroup/freezer/slurm/uid_4299032/job_3411120/step_0/cgroup.procs: No such file or directory
slurmstepd: error: unable to read '/sys/fs/cgroup/freezer/slurm/uid_4299032/job_3411120/step_0/cgroup.procs'
srun: error: i01r01c04s10: task 11: Killed
srun: launch/slurm: _step_signal: Terminating StepId=3411120.0
srun: error: i01r01c04s03: task 7: Killed
srun: error: i01r01c02s07: task 0: Killed
srun: error: i01r01c02s09: task 2: Killed
srun: error: i01r01c04s12: task 13: Killed
srun: error: i01r01c04s11: task 12: Killed
srun: error: i01r01c02s10: task 3: Killed
srun: error: i01r01c04s09: task 10: Killed
srun: error: i01r01c04s01: task 5: Killed
srun: error: i01r01c05s02: task 15: Killed
srun: error: i01r01c02s08: task 1: Killed
srun: error: i01r01c03s12: task 4: Killed
srun: error: i01r01c04s05: task 9: Killed
srun: error: i01r01c04s02: task 6: Killed
srun: error: i01r01c05s01: task 14: Killed
srun: error: i01r01c04s04: task 8: Killed
srun: Force Terminated StepId=3411120.0
