terminate called after throwing an instance of 'std::runtime_error'
  what():  Haiti_initial_stress.yaml@28: Could not find model for point [ 642967 2.0406e+06 -22816.1 ] in group 66.
terminate called after throwing an instance of 'std::runtime_error'
  what():  Haiti_initial_stress.yaml@28: Could not find model for point [ 740174 2.04422e+06 -26024.6 ] in group 69.
terminate called after throwing an instance of 'std::runtime_error'
  what():  Haiti_initial_stress.yaml@28: Could not find model for point [ 650312 2.04708e+06 -34464.2 ] in group 66.
terminate called after throwing an instance of 'std::runtime_error'
  what():  Haiti_initial_stress.yaml@28: Could not find model for point [ 713143 2.0401e+06 -36501.2 ] in group 68.
terminate called after throwing an instance of 'std::runtime_error'
  what():  Haiti_initial_stress.yaml@28: Could not find model for point [ 590474 2.02987e+06 -38998.8 ] in group 68.
terminate called after throwing an instance of 'std::runtime_error'
  what():  Haiti_initial_stress.yaml@28: Could not find model for point [ 705856 2.04349e+06 -7761.43 ] in group 70.
terminate called after throwing an instance of 'std::runtime_error'
  what():  Haiti_initial_stress.yaml@28: Could not find model for point [ 680498 2.03867e+06 -13725.7 ] in group 66.
terminate called after throwing an instance of 'std::runtime_error'
  what():  Haiti_initial_stress.yaml@28: Could not find model for point [ 656020 2.04135e+06 -20629.3 ] in group 66.
terminate called after throwing an instance of 'std::runtime_error'
  what():  Haiti_initial_stress.yaml@28: Could not find model for point [ 681183 2.0432e+06 -23773.6 ] in group 66.
terminate called after throwing an instance of 'std::runtime_error'
  what():  Haiti_initial_stress.yaml@28: Could not find model for point [ 567583 2.02735e+06 -24783.9 ] in group 68.
srun: error: i01r01c01s02: task 0: Aborted (core dumped)
srun: launch/slurm: _step_signal: Terminating StepId=3413411.0
srun: error: i01r01c02s03: task 12: Aborted (core dumped)
srun: error: i01r01c01s07: task 4: Aborted (core dumped)
srun: error: i01r01c01s05: task 3: Aborted (core dumped)
srun: error: i01r01c02s02: task 11: Aborted (core dumped)
srun: error: i01r01c01s11: task 8: Aborted (core dumped)
srun: error: i01r01c02s01: task 10: Aborted (core dumped)
srun: error: i01r01c01s04: task 2: Aborted (core dumped)
srun: error: i01r01c01s12: task 9: Aborted (core dumped)
srun: error: i01r01c02s06: task 15: Aborted (core dumped)
srun: error: i01r01c01s09: task 6: Terminated
srun: error: i01r01c02s05: task 14: Terminated
srun: error: i01r01c01s08: task 5: Terminated
srun: error: i01r01c02s04: task 13: Terminated
srun: error: i01r01c01s03: task 1: Terminated
srun: error: i01r01c01s10: task 7: Terminated
srun: Force Terminated StepId=3413411.0
