Error running function f [string "function f (x)..."]:11: attempt to compare nil with number
Error running function f [string "function f (x)..."]:11: attempt to compare nil with number
Error running function f [string "function f (x)..."]:11: attempt to compare nil with number
Error running function f [string "function f (x)..."]:11: attempt to compare nil with number
Error running function f [string "function f (x)..."]:11: attempt to compare nil with number
Error running function f [string "function f (x)..."]:11: attempt to compare nil with number
Error running function f [string "function f (x)..."]:11: attempt to compare nil with number
srun: error: i01r01c03s06: task 5: Aborted (core dumped)
srun: launch/slurm: _step_signal: Terminating StepId=3932973.0
slurmstepd: error: *** STEP 3932973.0 ON i01r01c03s01 CANCELLED AT 2024-09-25T23:51:33 ***
srun: error: i01r01c04s03: task 14: Aborted (core dumped)
srun: error: i01r01c03s05: task 4: Aborted (core dumped)
srun: error: i01r01c04s01: task 12: Aborted (core dumped)
srun: error: i01r01c04s02: task 13: Aborted (core dumped)
srun: error: i01r01c04s04: task 15: Aborted (core dumped)
srun: error: i01r01c03s08: task 7: Aborted (core dumped)
srun: error: i01r01c03s07: task 6: Terminated
srun: error: i01r01c03s04: task 3: Terminated
srun: error: i01r01c03s09: task 8: Terminated
srun: error: i01r01c03s10: task 9: Terminated
srun: error: i01r01c03s11: task 10: Terminated
srun: error: i01r01c03s02: task 1: Terminated
srun: error: i01r01c03s01: task 0: Terminated
srun: error: i01r01c03s12: task 11: Terminated
srun: error: i01r01c03s03: task 2: Terminated
srun: Force Terminated StepId=3932973.0
cp: cannot create directory '/hppfs/scratch/01/di35poq/haiti-rupture-outputs/dynamic-rupture-outputs/variable_SH_max/jobid_3932973/logs': No such file or directory
/var/spool/slurm/job3932973/slurm_script: line 80: pushd: /hppfs/scratch/01/di35poq/haiti-rupture-outputs/dynamic-rupture-outputs/variable_SH_max/jobid_3932973: No such file or directory
Traceback (most recent call last):
  File "/dss/dsshome1/01/di35poq/.local/bin/seissol_output_extractor", line 8, in <module>
    sys.exit(main())
  File "/dss/dsshome1/01/di35poq/.local/lib/python3.8/site-packages/seissolxdmfwriter/seissol_output_extractor.py", line 143, in main
    sx = SeissolxdmfExtended(args.xdmfFilename)
  File "/dss/dsshome1/01/di35poq/.local/lib/python3.8/site-packages/seissolxdmf/seissolxdmf.py", line 14, in __init__
    with open (xdmfFilename, "r") as fid:
FileNotFoundError: [Errno 2] No such file or directory: 'output-surface.xdmf'
Traceback (most recent call last):
  File "/dss/dsshome1/01/di35poq/soft/calc-moment-rate_supermuc.py", line 30, in find_xdmffile_wahweap
    xdmfFile = glob.glob(datadir + '*/jobid_'+jobid+'*/*extracted-fault.xdmf')[0]
IndexError: list index out of range

During handling of the above exception, another exception occurred:

Traceback (most recent call last):
  File "/dss/dsshome1/01/di35poq/soft/calc-moment-rate_supermuc.py", line 211, in <module>
    generateMoment(jobid_list)
  File "/dss/dsshome1/01/di35poq/soft/calc-moment-rate_supermuc.py", line 87, in generateMoment
    xdmfFilename, momentCsvFile = find_xdmffile_wahweap(jobid)
  File "/dss/dsshome1/01/di35poq/soft/calc-moment-rate_supermuc.py", line 34, in find_xdmffile_wahweap
    xdmfFile = glob.glob(datadir + '*/jobid_'+jobid+'*/output-fault.xdmf')[0]
IndexError: list index out of range
Traceback (most recent call last):
  File "/dss/dsshome1/01/di35poq/soft/calc-R-rake_supermuc.py", line 83, in <module>
    jobdir, xdmfFile, momentCsvFile = find_xdmffile_wahweap(jobid)
  File "/dss/dsshome1/01/di35poq/soft/calc-R-rake_supermuc.py", line 32, in find_xdmffile_wahweap
    xdmfFile = glob.glob(datadir + '*/jobid_'+jobid+'*/output-fault.xdmf')[0]
IndexError: list index out of range
[0m[31m(   1.667s) [paraview        ]      vtkXdmfReader.cxx:253    ERR| vtkXdmfReader (0x26e7cd0): Error opening file output_jobid_3932973_extracted-fault.xdmf[0m
[0m[31m(   1.669s) [paraview        ]       vtkExecutive.cxx:729    ERR| vtkPVCompositeDataPipeline (0x26f6fa0): Algorithm vtkFileSeriesReader (0x26f4a10) returned failure for request: vtkInformation (0x26f6590)
  Debug: Off
  Modified Time: 92784
  Reference Count: 1
  Registered Events: (none)
  Request: REQUEST_DATA_OBJECT
  ALGORITHM_AFTER_FORWARD: 1
  FORWARD_DIRECTION: 0

[0m
[0m[31m(   1.669s) [paraview        ]      vtkXdmfReader.cxx:253    ERR| vtkXdmfReader (0x26e7cd0): Error opening file output_jobid_3932973_extracted-fault.xdmf[0m
[0m[31m(   1.669s) [paraview        ]       vtkExecutive.cxx:729    ERR| vtkPVCompositeDataPipeline (0x26ea930): Algorithm vtkXdmfReader (0x26e7cd0) returned failure for request: vtkInformation (0x26e97e0)
  Debug: Off
  Modified Time: 92671
  Reference Count: 1
  Registered Events: (none)
  Request: REQUEST_DATA_OBJECT
  ALGORITHM_AFTER_FORWARD: 1
  FORWARD_DIRECTION: 0

[0m
[0m[31m(   1.669s) [paraview        ]      vtkXdmfReader.cxx:253    ERR| vtkXdmfReader (0x26e7cd0): Error opening file output_jobid_3932973_extracted-fault.xdmf[0m
[0m[31m(   1.669s) [paraview        ]       vtkExecutive.cxx:729    ERR| vtkPVCompositeDataPipeline (0x26ea930): Algorithm vtkXdmfReader (0x26e7cd0) returned failure for request: vtkInformation (0x26e97e0)
  Debug: Off
  Modified Time: 92671
  Reference Count: 1
  Registered Events: (none)
  Request: REQUEST_DATA_OBJECT
  ALGORITHM_AFTER_FORWARD: 1
  FORWARD_DIRECTION: 0

[0m
[0m[31m(   1.669s) [paraview        ]      vtkXdmfReader.cxx:253    ERR| vtkXdmfReader (0x26e7cd0): Error opening file output_jobid_3932973_extracted-fault.xdmf[0m
[0m[31m(   1.670s) [paraview        ]       vtkExecutive.cxx:729    ERR| vtkPVCompositeDataPipeline (0x26f6fa0): Algorithm vtkFileSeriesReader (0x26f4a10) returned failure for request: vtkInformation (0x26f6590)
  Debug: Off
  Modified Time: 92784
  Reference Count: 1
  Registered Events: (none)
  Request: REQUEST_DATA_OBJECT
  ALGORITHM_AFTER_FORWARD: 1
  FORWARD_DIRECTION: 0

[0m
[0m[31m(   1.670s) [paraview        ]      vtkXdmfReader.cxx:253    ERR| vtkXdmfReader (0x26e7cd0): Error opening file output_jobid_3932973_extracted-fault.xdmf[0m
[0m[31m(   1.670s) [paraview        ]       vtkExecutive.cxx:729    ERR| vtkPVCompositeDataPipeline (0x26ea930): Algorithm vtkXdmfReader (0x26e7cd0) returned failure for request: vtkInformation (0x26e97e0)
  Debug: Off
  Modified Time: 92671
  Reference Count: 1
  Registered Events: (none)
  Request: REQUEST_DATA_OBJECT
  ALGORITHM_AFTER_FORWARD: 1
  FORWARD_DIRECTION: 0

[0m
[0m[31m(   1.670s) [paraview        ]      vtkXdmfReader.cxx:253    ERR| vtkXdmfReader (0x26e7cd0): Error opening file output_jobid_3932973_extracted-fault.xdmf[0m
[0m[31m(   1.670s) [paraview        ]       vtkExecutive.cxx:729    ERR| vtkPVCompositeDataPipeline (0x26ea930): Algorithm vtkXdmfReader (0x26e7cd0) returned failure for request: vtkInformation (0x26e97e0)
  Debug: Off
  Modified Time: 92671
  Reference Count: 1
  Registered Events: (none)
  Request: REQUEST_DATA_OBJECT
  ALGORITHM_AFTER_FORWARD: 1
  FORWARD_DIRECTION: 0

[0m
[0m[31m(   1.672s) [paraview        ]      vtkXdmfReader.cxx:253    ERR| vtkXdmfReader (0x26e7cd0): Error opening file output_jobid_3932973_extracted-fault.xdmf[0m
[0m[31m(   1.672s) [paraview        ]       vtkExecutive.cxx:729    ERR| vtkPVCompositeDataPipeline (0x26f6fa0): Algorithm vtkFileSeriesReader (0x26f4a10) returned failure for request: vtkInformation (0x26f6590)
  Debug: Off
  Modified Time: 92784
  Reference Count: 1
  Registered Events: (none)
  Request: REQUEST_DATA_OBJECT
  ALGORITHM_AFTER_FORWARD: 1
  FORWARD_DIRECTION: 0

[0m
[0m[31m(   1.672s) [paraview        ]      vtkXdmfReader.cxx:253    ERR| vtkXdmfReader (0x26e7cd0): Error opening file output_jobid_3932973_extracted-fault.xdmf[0m
[0m[31m(   1.672s) [paraview        ]       vtkExecutive.cxx:729    ERR| vtkPVCompositeDataPipeline (0x26ea930): Algorithm vtkXdmfReader (0x26e7cd0) returned failure for request: vtkInformation (0x26e97e0)
  Debug: Off
  Modified Time: 92671
  Reference Count: 1
  Registered Events: (none)
  Request: REQUEST_DATA_OBJECT
  ALGORITHM_AFTER_FORWARD: 1
  FORWARD_DIRECTION: 0

[0m
[0m[31m(   1.672s) [paraview        ]      vtkXdmfReader.cxx:253    ERR| vtkXdmfReader (0x26e7cd0): Error opening file output_jobid_3932973_extracted-fault.xdmf[0m
[0m[31m(   1.672s) [paraview        ]       vtkExecutive.cxx:729    ERR| vtkPVCompositeDataPipeline (0x26ea930): Algorithm vtkXdmfReader (0x26e7cd0) returned failure for request: vtkInformation (0x26e97e0)
  Debug: Off
  Modified Time: 92671
  Reference Count: 1
  Registered Events: (none)
  Request: REQUEST_DATA_OBJECT
  ALGORITHM_AFTER_FORWARD: 1
  FORWARD_DIRECTION: 0

[0m
[0m[31m(   1.770s) [paraview        ]      vtkXdmfReader.cxx:253    ERR| vtkXdmfReader (0x26e7cd0): Error opening file output_jobid_3932973_extracted-fault.xdmf[0m
[0m[31m(   1.770s) [paraview        ]       vtkExecutive.cxx:729    ERR| vtkPVCompositeDataPipeline (0x26f6fa0): Algorithm vtkFileSeriesReader (0x26f4a10) returned failure for request: vtkInformation (0x40066f0)
  Debug: Off
  Modified Time: 154807
  Reference Count: 1
  Registered Events: (none)
  Request: REQUEST_DATA_OBJECT
  FROM_OUTPUT_PORT: 0
  ALGORITHM_AFTER_FORWARD: 1
  FORWARD_DIRECTION: 0

[0m
[0m[31m(   1.770s) [paraview        ]      vtkXdmfReader.cxx:253    ERR| vtkXdmfReader (0x26e7cd0): Error opening file output_jobid_3932973_extracted-fault.xdmf[0m
[0m[31m(   1.770s) [paraview        ]       vtkExecutive.cxx:729    ERR| vtkPVCompositeDataPipeline (0x26f6fa0): Algorithm vtkFileSeriesReader (0x26f4a10) returned failure for request: vtkInformation (0x40066f0)
  Debug: Off
  Modified Time: 154807
  Reference Count: 1
  Registered Events: (none)
  Request: REQUEST_DATA_OBJECT
  FROM_OUTPUT_PORT: 0
  ALGORITHM_AFTER_FORWARD: 1
  FORWARD_DIRECTION: 0

[0m
[0m[33m(   1.914s) [paraview        ]vtkSMColorMapEditorHelp:772   WARN| Failed to determine the LookupTable being used.[0m
[0m[31m(   1.915s) [paraview        ]      vtkXdmfReader.cxx:253    ERR| vtkXdmfReader (0x26e7cd0): Error opening file output_jobid_3932973_extracted-fault.xdmf[0m
[0m[31m(   1.915s) [paraview        ]       vtkExecutive.cxx:729    ERR| vtkPVCompositeDataPipeline (0x26f6fa0): Algorithm vtkFileSeriesReader (0x26f4a10) returned failure for request: vtkInformation (0x4b84ed0)
  Debug: Off
  Modified Time: 878737
  Reference Count: 1
  Registered Events: (none)
  Request: REQUEST_DATA_OBJECT
  FROM_OUTPUT_PORT: 0
  ALGORITHM_AFTER_FORWARD: 1
  FORWARD_DIRECTION: 0

[0m
[0m[31m(   1.915s) [paraview        ]       vtkExecutive.cxx:729    ERR| vtkCompositeDataPipeline (0x4aea580): Algorithm vtkPVGeometryFilter (0x4c50620) returned failure for request: vtkInformation (0x4afabe0)
  Debug: Off
  Modified Time: 878741
  Reference Count: 1
  Registered Events: (none)
  Request: REQUEST_DATA_OBJECT
  FROM_OUTPUT_PORT: 0
  ALGORITHM_AFTER_FORWARD: 1
  FORWARD_DIRECTION: 0

[0m
[0m[31m(   1.915s) [paraview        ]      vtkXdmfReader.cxx:253    ERR| vtkXdmfReader (0x26e7cd0): Error opening file output_jobid_3932973_extracted-fault.xdmf[0m
[0m[31m(   1.915s) [paraview        ]       vtkExecutive.cxx:729    ERR| vtkPVCompositeDataPipeline (0x26f6fa0): Algorithm vtkFileSeriesReader (0x26f4a10) returned failure for request: vtkInformation (0x4aa86f0)
  Debug: Off
  Modified Time: 878805
  Reference Count: 1
  Registered Events: (none)
  Request: REQUEST_DATA_OBJECT
  FROM_OUTPUT_PORT: 0
  ALGORITHM_AFTER_FORWARD: 1
  FORWARD_DIRECTION: 0

[0m
[0m[31m(   1.915s) [paraview        ]       vtkExecutive.cxx:729    ERR| vtkCompositeDataPipeline (0x4ac5970): Algorithm vtkPVGeometryFilter (0x4a962e0) returned failure for request: vtkInformation (0x4ac6a40)
  Debug: Off
  Modified Time: 878810
  Reference Count: 1
  Registered Events: (none)
  Request: REQUEST_DATA_OBJECT
  FROM_OUTPUT_PORT: 0
  ALGORITHM_AFTER_FORWARD: 1
  FORWARD_DIRECTION: 0

[0m
[0m[31m(   1.915s) [paraview        ]      vtkXdmfReader.cxx:253    ERR| vtkXdmfReader (0x26e7cd0): Error opening file output_jobid_3932973_extracted-fault.xdmf[0m
[0m[31m(   1.915s) [paraview        ]       vtkExecutive.cxx:729    ERR| vtkPVCompositeDataPipeline (0x26f6fa0): Algorithm vtkFileSeriesReader (0x26f4a10) returned failure for request: vtkInformation (0x451b6a0)
  Debug: Off
  Modified Time: 878868
  Reference Count: 1
  Registered Events: (none)
  Request: REQUEST_DATA_OBJECT
  FROM_OUTPUT_PORT: 0
  ALGORITHM_AFTER_FORWARD: 1
  FORWARD_DIRECTION: 0

[0m
[0m[31m(   1.923s) [paraview        ]       vtkExecutive.cxx:729    ERR| vtkCompositeDataPipeline (0x4aea580): Algorithm vtkPVGeometryFilter (0x4c50620) returned failure for request: vtkInformation (0x4afabe0)
  Debug: Off
  Modified Time: 878741
  Reference Count: 1
  Registered Events: (none)
  Request: REQUEST_DATA_OBJECT
  FROM_OUTPUT_PORT: 0
  ALGORITHM_AFTER_FORWARD: 1
  FORWARD_DIRECTION: 0

[0m
[0m[31m(   1.923s) [paraview        ]       vtkExecutive.cxx:729    ERR| vtkCompositeDataPipeline (0x4ac5970): Algorithm vtkPVGeometryFilter (0x4a962e0) returned failure for request: vtkInformation (0x4ac6a40)
  Debug: Off
  Modified Time: 878810
  Reference Count: 1
  Registered Events: (none)
  Request: REQUEST_DATA_OBJECT
  FROM_OUTPUT_PORT: 0
  ALGORITHM_AFTER_FORWARD: 1
  FORWARD_DIRECTION: 0

[0m
[0m[33m(   1.923s) [paraview        ]vtkSMColorMapEditorHelp:772   WARN| Failed to determine the LookupTable being used.[0m
[0m[31m(   1.924s) [paraview        ]       vtkExecutive.cxx:729    ERR| vtkCompositeDataPipeline (0x4aea580): Algorithm vtkPVGeometryFilter (0x4c50620) returned failure for request: vtkInformation (0x4afabe0)
  Debug: Off
  Modified Time: 878741
  Reference Count: 1
  Registered Events: (none)
  Request: REQUEST_DATA_OBJECT
  FROM_OUTPUT_PORT: 0
  ALGORITHM_AFTER_FORWARD: 1
  FORWARD_DIRECTION: 0

[0m
[0m[31m(   1.924s) [paraview        ]       vtkExecutive.cxx:729    ERR| vtkCompositeDataPipeline (0x4ac5970): Algorithm vtkPVGeometryFilter (0x4a962e0) returned failure for request: vtkInformation (0x4ac6a40)
  Debug: Off
  Modified Time: 878810
  Reference Count: 1
  Registered Events: (none)
  Request: REQUEST_DATA_OBJECT
  FROM_OUTPUT_PORT: 0
  ALGORITHM_AFTER_FORWARD: 1
  FORWARD_DIRECTION: 0

[0m
[0m[31m(   1.929s) [paraview        ]      vtkXdmfReader.cxx:253    ERR| vtkXdmfReader (0x26e7cd0): Error opening file output_jobid_3932973_extracted-fault.xdmf[0m
[0m[31m(   1.929s) [paraview        ]       vtkExecutive.cxx:729    ERR| vtkPVCompositeDataPipeline (0x26f6fa0): Algorithm vtkFileSeriesReader (0x26f4a10) returned failure for request: vtkInformation (0x54329f0)
  Debug: Off
  Modified Time: 882182
  Reference Count: 1
  Registered Events: (none)
  Request: REQUEST_DATA_OBJECT
  FROM_OUTPUT_PORT: 0
  ALGORITHM_AFTER_FORWARD: 1
  FORWARD_DIRECTION: 0

[0m
[0m[31m(   1.930s) [paraview        ]      vtkXdmfReader.cxx:253    ERR| vtkXdmfReader (0x26e7cd0): Error opening file output_jobid_3932973_extracted-fault.xdmf[0m
[0m[31m(   1.930s) [paraview        ]       vtkExecutive.cxx:729    ERR| vtkPVCompositeDataPipeline (0x26f6fa0): Algorithm vtkFileSeriesReader (0x26f4a10) returned failure for request: vtkInformation (0x545c500)
  Debug: Off
  Modified Time: 882364
  Reference Count: 1
  Registered Events: (none)
  Request: REQUEST_DATA_OBJECT
  FROM_OUTPUT_PORT: 0
  ALGORITHM_AFTER_FORWARD: 1
  FORWARD_DIRECTION: 0

[0m
[0m[31m(   1.930s) [paraview        ]      vtkXdmfReader.cxx:253    ERR| vtkXdmfReader (0x26e7cd0): Error opening file output_jobid_3932973_extracted-fault.xdmf[0m
[0m[31m(   1.930s) [paraview        ]       vtkExecutive.cxx:729    ERR| vtkPVCompositeDataPipeline (0x26f6fa0): Algorithm vtkFileSeriesReader (0x26f4a10) returned failure for request: vtkInformation (0x545c500)
  Debug: Off
  Modified Time: 882364
  Reference Count: 1
  Registered Events: (none)
  Request: REQUEST_DATA_OBJECT
  FROM_OUTPUT_PORT: 0
  ALGORITHM_AFTER_FORWARD: 1
  FORWARD_DIRECTION: 0

[0m
[0m[31m(   2.045s) [paraview        ]      vtkXdmfReader.cxx:253    ERR| vtkXdmfReader (0x26e7cd0): Error opening file output_jobid_3932973_extracted-fault.xdmf[0m
[0m[31m(   2.045s) [paraview        ]       vtkExecutive.cxx:729    ERR| vtkPVCompositeDataPipeline (0x26f6fa0): Algorithm vtkFileSeriesReader (0x26f4a10) returned failure for request: vtkInformation (0x545c500)
  Debug: Off
  Modified Time: 882364
  Reference Count: 1
  Registered Events: (none)
  Request: REQUEST_DATA_OBJECT
  FROM_OUTPUT_PORT: 0
  ALGORITHM_AFTER_FORWARD: 1
  FORWARD_DIRECTION: 0

[0m
[0m[31m(   2.045s) [paraview        ]      vtkXdmfReader.cxx:253    ERR| vtkXdmfReader (0x26e7cd0): Error opening file output_jobid_3932973_extracted-fault.xdmf[0m
[0m[31m(   2.045s) [paraview        ]       vtkExecutive.cxx:729    ERR| vtkPVCompositeDataPipeline (0x26f6fa0): Algorithm vtkFileSeriesReader (0x26f4a10) returned failure for request: vtkInformation (0x545c500)
  Debug: Off
  Modified Time: 882364
  Reference Count: 1
  Registered Events: (none)
  Request: REQUEST_DATA_OBJECT
  FROM_OUTPUT_PORT: 0
  ALGORITHM_AFTER_FORWARD: 1
  FORWARD_DIRECTION: 0

[0m
[0m[33m(   2.055s) [paraview        ]vtkSMColorMapEditorHelp:772   WARN| Failed to determine the LookupTable being used.[0m
[0m[33m(   2.062s) [paraview        ]vtkSMColorMapEditorHelp:170   WARN| Could not determine array range.[0m
[0m[33m(   2.062s) [paraview        ]vtkSMColorMapEditorHelp:170   WARN| Could not determine array range.[0m
[0m[31m(   2.073s) [paraview        ]      vtkXdmfReader.cxx:253    ERR| vtkXdmfReader (0x26e7cd0): Error opening file output_jobid_3932973_extracted-fault.xdmf[0m
[0m[31m(   2.073s) [paraview        ]       vtkExecutive.cxx:729    ERR| vtkPVCompositeDataPipeline (0x26f6fa0): Algorithm vtkFileSeriesReader (0x26f4a10) returned failure for request: vtkInformation (0x62d8120)
  Debug: Off
  Modified Time: 1029687
  Reference Count: 1
  Registered Events: (none)
  Request: REQUEST_DATA_OBJECT
  FROM_OUTPUT_PORT: 0
  ALGORITHM_AFTER_FORWARD: 1
  FORWARD_DIRECTION: 0

[0m
[0m[31m(   2.074s) [paraview        ]      vtkXdmfReader.cxx:253    ERR| vtkXdmfReader (0x26e7cd0): Error opening file output_jobid_3932973_extracted-fault.xdmf[0m
[0m[31m(   2.074s) [paraview        ]       vtkExecutive.cxx:729    ERR| vtkPVCompositeDataPipeline (0x26f6fa0): Algorithm vtkFileSeriesReader (0x26f4a10) returned failure for request: vtkInformation (0x6340f30)
  Debug: Off
  Modified Time: 1029869
  Reference Count: 1
  Registered Events: (none)
  Request: REQUEST_DATA_OBJECT
  FROM_OUTPUT_PORT: 0
  ALGORITHM_AFTER_FORWARD: 1
  FORWARD_DIRECTION: 0

[0m
[0m[31m(   2.074s) [paraview        ]      vtkXdmfReader.cxx:253    ERR| vtkXdmfReader (0x26e7cd0): Error opening file output_jobid_3932973_extracted-fault.xdmf[0m
[0m[31m(   2.074s) [paraview        ]       vtkExecutive.cxx:729    ERR| vtkPVCompositeDataPipeline (0x26f6fa0): Algorithm vtkFileSeriesReader (0x26f4a10) returned failure for request: vtkInformation (0x6340f30)
  Debug: Off
  Modified Time: 1029869
  Reference Count: 1
  Registered Events: (none)
  Request: REQUEST_DATA_OBJECT
  FROM_OUTPUT_PORT: 0
  ALGORITHM_AFTER_FORWARD: 1
  FORWARD_DIRECTION: 0

[0m
[0m[31m(   2.186s) [paraview        ]      vtkXdmfReader.cxx:253    ERR| vtkXdmfReader (0x26e7cd0): Error opening file output_jobid_3932973_extracted-fault.xdmf[0m
[0m[31m(   2.186s) [paraview        ]       vtkExecutive.cxx:729    ERR| vtkPVCompositeDataPipeline (0x26f6fa0): Algorithm vtkFileSeriesReader (0x26f4a10) returned failure for request: vtkInformation (0x6340f30)
  Debug: Off
  Modified Time: 1029869
  Reference Count: 1
  Registered Events: (none)
  Request: REQUEST_DATA_OBJECT
  FROM_OUTPUT_PORT: 0
  ALGORITHM_AFTER_FORWARD: 1
  FORWARD_DIRECTION: 0

[0m
[0m[31m(   2.186s) [paraview        ]      vtkXdmfReader.cxx:253    ERR| vtkXdmfReader (0x26e7cd0): Error opening file output_jobid_3932973_extracted-fault.xdmf[0m
[0m[31m(   2.186s) [paraview        ]       vtkExecutive.cxx:729    ERR| vtkPVCompositeDataPipeline (0x26f6fa0): Algorithm vtkFileSeriesReader (0x26f4a10) returned failure for request: vtkInformation (0x6340f30)
  Debug: Off
  Modified Time: 1029869
  Reference Count: 1
  Registered Events: (none)
  Request: REQUEST_DATA_OBJECT
  FROM_OUTPUT_PORT: 0
  ALGORITHM_AFTER_FORWARD: 1
  FORWARD_DIRECTION: 0

[0m
[0m[31m(   2.196s) [paraview        ]      vtkXdmfReader.cxx:253    ERR| vtkXdmfReader (0x26e7cd0): Error opening file output_jobid_3932973_extracted-fault.xdmf[0m
[0m[31m(   2.196s) [paraview        ]       vtkExecutive.cxx:729    ERR| vtkPVCompositeDataPipeline (0x26f6fa0): Algorithm vtkFileSeriesReader (0x26f4a10) returned failure for request: vtkInformation (0x6340f30)
  Debug: Off
  Modified Time: 1029869
  Reference Count: 1
  Registered Events: (none)
  Request: REQUEST_DATA_OBJECT
  FROM_OUTPUT_PORT: 0
  ALGORITHM_AFTER_FORWARD: 1
  FORWARD_DIRECTION: 0

[0m
[0m[31m(   2.196s) [paraview        ]      vtkXdmfReader.cxx:253    ERR| vtkXdmfReader (0x26e7cd0): Error opening file output_jobid_3932973_extracted-fault.xdmf[0m
[0m[31m(   2.196s) [paraview        ]       vtkExecutive.cxx:729    ERR| vtkPVCompositeDataPipeline (0x26f6fa0): Algorithm vtkFileSeriesReader (0x26f4a10) returned failure for request: vtkInformation (0x6340f30)
  Debug: Off
  Modified Time: 1029869
  Reference Count: 1
  Registered Events: (none)
  Request: REQUEST_DATA_OBJECT
  FROM_OUTPUT_PORT: 0
  ALGORITHM_AFTER_FORWARD: 1
  FORWARD_DIRECTION: 0

[0m
[0m[31m(   2.200s) [paraview        ]      vtkXdmfReader.cxx:253    ERR| vtkXdmfReader (0x26e7cd0): Error opening file output_jobid_3932973_extracted-fault.xdmf[0m
[0m[31m(   2.200s) [paraview        ]       vtkExecutive.cxx:729    ERR| vtkPVCompositeDataPipeline (0x26f6fa0): Algorithm vtkFileSeriesReader (0x26f4a10) returned failure for request: vtkInformation (0x6f0a670)
  Debug: Off
  Modified Time: 1171884
  Reference Count: 1
  Registered Events: (none)
  Request: REQUEST_DATA_OBJECT
  FROM_OUTPUT_PORT: 0
  ALGORITHM_AFTER_FORWARD: 1
  FORWARD_DIRECTION: 0

[0m
[0m[31m(   2.200s) [paraview        ]      vtkXdmfReader.cxx:253    ERR| vtkXdmfReader (0x26e7cd0): Error opening file output_jobid_3932973_extracted-fault.xdmf[0m
[0m[31m(   2.200s) [paraview        ]       vtkExecutive.cxx:729    ERR| vtkPVCompositeDataPipeline (0x26f6fa0): Algorithm vtkFileSeriesReader (0x26f4a10) returned failure for request: vtkInformation (0x6f0a670)
  Debug: Off
  Modified Time: 1171884
  Reference Count: 1
  Registered Events: (none)
  Request: REQUEST_DATA_OBJECT
  FROM_OUTPUT_PORT: 0
  ALGORITHM_AFTER_FORWARD: 1
  FORWARD_DIRECTION: 0

[0m
Traceback (most recent call last):
  File "/dss/dsshome1/01/di35poq/soft/plot_initial_stress_profile.py", line 58, in <module>
    data = pd.read_csv(csvfile)
  File "/dss/dsshome1/01/di35poq/.local/lib/python3.8/site-packages/pandas/io/parsers/readers.py", line 912, in read_csv
    return _read(filepath_or_buffer, kwds)
  File "/dss/dsshome1/01/di35poq/.local/lib/python3.8/site-packages/pandas/io/parsers/readers.py", line 577, in _read
    parser = TextFileReader(filepath_or_buffer, **kwds)
  File "/dss/dsshome1/01/di35poq/.local/lib/python3.8/site-packages/pandas/io/parsers/readers.py", line 1407, in __init__
    self._engine = self._make_engine(f, self.engine)
  File "/dss/dsshome1/01/di35poq/.local/lib/python3.8/site-packages/pandas/io/parsers/readers.py", line 1679, in _make_engine
    return mapping[engine](f, **self.options)
  File "/dss/dsshome1/01/di35poq/.local/lib/python3.8/site-packages/pandas/io/parsers/c_parser_wrapper.py", line 93, in __init__
    self._reader = parsers.TextReader(src, **kwds)
  File "pandas/_libs/parsers.pyx", line 557, in pandas._libs.parsers.TextReader.__cinit__
pandas.errors.EmptyDataError: No columns to parse from file
/var/spool/slurm/job3932973/slurm_script: line 95: popd: directory stack empty
cp: target '/hppfs/scratch/01/di35poq/haiti-rupture-outputs/dynamic-rupture-outputs/variable_SH_max/jobid_3932973/logs/' is not a directory
