terminate called after throwing an instance of 'std::runtime_error'
  what():  Haiti_initial_stress.yaml@28: Could not find model for point [ 740174 2.04422e+06 -26024.6 ] in group 69.
terminate called after throwing an instance of 'std::runtime_error'
  what():  Haiti_initial_stress.yaml@28: Could not find model for point [ 734030 2.03814e+06 -25225.4 ] in group 68.
terminate called after throwing an instance of 'std::runtime_error'
  what():  Haiti_initial_stress.yaml@28: Could not find model for point [ 654123 2.04097e+06 -19964.8 ] in group 67.
terminate called after throwing an instance of 'std::runtime_error'
  what():  Haiti_initial_stress.yaml@28: Could not find model for point [ 567583 2.02735e+06 -24783.9 ] in group 68.
terminate called after throwing an instance of 'std::runtime_error'
  what():  Haiti_initial_stress.yaml@28: Could not find model for point [ 590474 2.02987e+06 -38998.8 ] in group 68.
terminate called after throwing an instance of 'std::runtime_error'
  what():  Haiti_initial_stress.yaml@28: Could not find model for point [ 759950 2.04671e+06 -14273.4 ] in group 69.
terminate called after throwing an instance of 'std::runtime_error'
  what():  Haiti_initial_stress.yaml@28: Could not find model for point [ 705856 2.04349e+06 -7761.43 ] in group 70.
terminate called after throwing an instance of 'std::runtime_error'
  what():  Haiti_initial_stress.yaml@28: Could not find model for point [ 713143 2.0401e+06 -36501.2 ] in group 68.
srun: error: i01r01c03s06: task 10: Aborted (core dumped)
srun: launch/slurm: _step_signal: Terminating StepId=3413420.0
slurmstepd: error: *** STEP 3413420.0 ON i01r01c02s08 CANCELLED AT 2024-06-11T00:18:18 ***
srun: error: i01r01c02s12: task 4: Aborted (core dumped)
srun: error: i01r01c02s10: task 2: Aborted (core dumped)
srun: error: i01r01c03s05: task 9: Aborted (core dumped)
srun: error: i01r01c03s07: task 11: Aborted (core dumped)
srun: error: i01r01c03s04: task 8: Aborted (core dumped)
srun: error: i01r01c03s10: task 14: Aborted (core dumped)
srun: error: i01r01c03s11: task 15: Aborted (core dumped)
srun: error: i01r01c03s09: task 13: Terminated
srun: error: i01r01c03s01: task 5: Terminated
srun: error: i01r01c03s03: task 7: Terminated
srun: error: i01r01c03s02: task 6: Terminated
srun: error: i01r01c02s09: task 1: Terminated
srun: error: i01r01c03s08: task 12: Terminated
srun: error: i01r01c02s11: task 3: Terminated
srun: error: i01r01c02s08: task 0: Terminated
srun: Force Terminated StepId=3413420.0
