Couldn't load script: [string "function f(x)..."]:10: 'then' expected near 'mu_s'Couldn't load script: [string "function f(x)..."]:10: 'then' expected near 'mu_s'Couldn't load script: [string "function f(x)..."]:10: 'then' expected near 'mu_s'Couldn't load script: [string "function f(x)..."]:10: 'then' expected near 'mu_s'Couldn't load script: [string "function f(x)..."]:10: 'then' expected near 'mu_s'Couldn't load script: [string "function f(x)..."]:10: 'then' expected near 'mu_s'Couldn't load script: [string "function f(x)..."]:10: 'then' expected near 'mu_s'Couldn't load script: [string "function f(x)..."]:10: 'then' expected near 'mu_s'srun: error: i01r01c03s08: task 7: Aborted (core dumped)
srun: launch/slurm: _step_signal: Terminating StepId=3912355.0
srun: error: i01r01c03s04: task 3: Aborted (core dumped)
srun: error: i01r01c03s03: task 2: Aborted (core dumped)
srun: error: i01r01c04s04: task 15: Aborted (core dumped)
srun: error: i01r01c04s03: task 14: Aborted (core dumped)
srun: error: i01r01c03s07: task 6: Aborted (core dumped)
srun: error: i01r01c03s02: task 1: Aborted (core dumped)
srun: error: i01r01c03s01: task 0: Aborted (core dumped)
srun: error: i01r01c03s05: task 4: Terminated
srun: error: i01r01c03s12: task 11: Terminated
srun: error: i01r01c03s06: task 5: Terminated
srun: error: i01r01c04s01: task 12: Terminated
srun: error: i01r01c03s11: task 10: Terminated
srun: error: i01r01c04s02: task 13: Terminated
srun: error: i01r01c03s09: task 8: Terminated
srun: error: i01r01c03s10: task 9: Terminated
srun: Force Terminated StepId=3912355.0
cp: cannot create directory '/hppfs/scratch/01/di35poq/haiti-rupture-outputs/dynamic-rupture-outputs/variable_SH_max/jobid_3912355/logs': No such file or directory
/var/spool/slurm/job3912355/slurm_script: line 80: pushd: /hppfs/scratch/01/di35poq/haiti-rupture-outputs/dynamic-rupture-outputs/variable_SH_max/jobid_3912355: No such file or directory
Traceback (most recent call last):
  File "/dss/dsshome1/01/di35poq/.local/bin/seissol_output_extractor", line 8, in <module>
    sys.exit(main())
  File "/dss/dsshome1/01/di35poq/.local/lib/python3.8/site-packages/seissolxdmfwriter/seissol_output_extractor.py", line 143, in main
    sx = SeissolxdmfExtended(args.xdmfFilename)
  File "/dss/dsshome1/01/di35poq/.local/lib/python3.8/site-packages/seissolxdmf/seissolxdmf.py", line 14, in __init__
    with open (xdmfFilename, "r") as fid:
FileNotFoundError: [Errno 2] No such file or directory: 'output-surface.xdmf'
Traceback (most recent call last):
  File "/dss/dsshome1/01/di35poq/soft/calc-moment-rate_supermuc.py", line 30, in find_xdmffile_wahweap
    xdmfFile = glob.glob(datadir + '*/jobid_'+jobid+'*/*extracted-fault.xdmf')[0]
IndexError: list index out of range

During handling of the above exception, another exception occurred:

Traceback (most recent call last):
  File "/dss/dsshome1/01/di35poq/soft/calc-moment-rate_supermuc.py", line 211, in <module>
    generateMoment(jobid_list)
  File "/dss/dsshome1/01/di35poq/soft/calc-moment-rate_supermuc.py", line 87, in generateMoment
    xdmfFilename, momentCsvFile = find_xdmffile_wahweap(jobid)
  File "/dss/dsshome1/01/di35poq/soft/calc-moment-rate_supermuc.py", line 34, in find_xdmffile_wahweap
    xdmfFile = glob.glob(datadir + '*/jobid_'+jobid+'*/output-fault.xdmf')[0]
IndexError: list index out of range
Traceback (most recent call last):
  File "/dss/dsshome1/01/di35poq/soft/calc-R-rake_supermuc.py", line 83, in <module>
    jobdir, xdmfFile, momentCsvFile = find_xdmffile_wahweap(jobid)
  File "/dss/dsshome1/01/di35poq/soft/calc-R-rake_supermuc.py", line 32, in find_xdmffile_wahweap
    xdmfFile = glob.glob(datadir + '*/jobid_'+jobid+'*/output-fault.xdmf')[0]
IndexError: list index out of range
[0m[31m(   1.681s) [paraview        ]      vtkXdmfReader.cxx:253    ERR| vtkXdmfReader (0x2fa2d40): Error opening file output_jobid_3912355_extracted-fault.xdmf[0m
[0m[31m(   1.681s) [paraview        ]       vtkExecutive.cxx:729    ERR| vtkPVCompositeDataPipeline (0x2fb2010): Algorithm vtkFileSeriesReader (0x2fafa80) returned failure for request: vtkInformation (0x2fb1600)
  Debug: Off
  Modified Time: 92784
  Reference Count: 1
  Registered Events: (none)
  Request: REQUEST_DATA_OBJECT
  ALGORITHM_AFTER_FORWARD: 1
  FORWARD_DIRECTION: 0

[0m
[0m[31m(   1.683s) [paraview        ]      vtkXdmfReader.cxx:253    ERR| vtkXdmfReader (0x2fa2d40): Error opening file output_jobid_3912355_extracted-fault.xdmf[0m
[0m[31m(   1.683s) [paraview        ]       vtkExecutive.cxx:729    ERR| vtkPVCompositeDataPipeline (0x2fa59a0): Algorithm vtkXdmfReader (0x2fa2d40) returned failure for request: vtkInformation (0x2fa4850)
  Debug: Off
  Modified Time: 92671
  Reference Count: 1
  Registered Events: (none)
  Request: REQUEST_DATA_OBJECT
  ALGORITHM_AFTER_FORWARD: 1
  FORWARD_DIRECTION: 0

[0m
[0m[31m(   1.683s) [paraview        ]      vtkXdmfReader.cxx:253    ERR| vtkXdmfReader (0x2fa2d40): Error opening file output_jobid_3912355_extracted-fault.xdmf[0m
[0m[31m(   1.683s) [paraview        ]       vtkExecutive.cxx:729    ERR| vtkPVCompositeDataPipeline (0x2fa59a0): Algorithm vtkXdmfReader (0x2fa2d40) returned failure for request: vtkInformation (0x2fa4850)
  Debug: Off
  Modified Time: 92671
  Reference Count: 1
  Registered Events: (none)
  Request: REQUEST_DATA_OBJECT
  ALGORITHM_AFTER_FORWARD: 1
  FORWARD_DIRECTION: 0

[0m
[0m[31m(   1.683s) [paraview        ]      vtkXdmfReader.cxx:253    ERR| vtkXdmfReader (0x2fa2d40): Error opening file output_jobid_3912355_extracted-fault.xdmf[0m
[0m[31m(   1.683s) [paraview        ]       vtkExecutive.cxx:729    ERR| vtkPVCompositeDataPipeline (0x2fb2010): Algorithm vtkFileSeriesReader (0x2fafa80) returned failure for request: vtkInformation (0x2fb1600)
  Debug: Off
  Modified Time: 92784
  Reference Count: 1
  Registered Events: (none)
  Request: REQUEST_DATA_OBJECT
  ALGORITHM_AFTER_FORWARD: 1
  FORWARD_DIRECTION: 0

[0m
[0m[31m(   1.683s) [paraview        ]      vtkXdmfReader.cxx:253    ERR| vtkXdmfReader (0x2fa2d40): Error opening file output_jobid_3912355_extracted-fault.xdmf[0m
[0m[31m(   1.683s) [paraview        ]       vtkExecutive.cxx:729    ERR| vtkPVCompositeDataPipeline (0x2fa59a0): Algorithm vtkXdmfReader (0x2fa2d40) returned failure for request: vtkInformation (0x2fa4850)
  Debug: Off
  Modified Time: 92671
  Reference Count: 1
  Registered Events: (none)
  Request: REQUEST_DATA_OBJECT
  ALGORITHM_AFTER_FORWARD: 1
  FORWARD_DIRECTION: 0

[0m
[0m[31m(   1.683s) [paraview        ]      vtkXdmfReader.cxx:253    ERR| vtkXdmfReader (0x2fa2d40): Error opening file output_jobid_3912355_extracted-fault.xdmf[0m
[0m[31m(   1.683s) [paraview        ]       vtkExecutive.cxx:729    ERR| vtkPVCompositeDataPipeline (0x2fa59a0): Algorithm vtkXdmfReader (0x2fa2d40) returned failure for request: vtkInformation (0x2fa4850)
  Debug: Off
  Modified Time: 92671
  Reference Count: 1
  Registered Events: (none)
  Request: REQUEST_DATA_OBJECT
  ALGORITHM_AFTER_FORWARD: 1
  FORWARD_DIRECTION: 0

[0m
[0m[31m(   1.685s) [paraview        ]      vtkXdmfReader.cxx:253    ERR| vtkXdmfReader (0x2fa2d40): Error opening file output_jobid_3912355_extracted-fault.xdmf[0m
[0m[31m(   1.685s) [paraview        ]       vtkExecutive.cxx:729    ERR| vtkPVCompositeDataPipeline (0x2fb2010): Algorithm vtkFileSeriesReader (0x2fafa80) returned failure for request: vtkInformation (0x2fb1600)
  Debug: Off
  Modified Time: 92784
  Reference Count: 1
  Registered Events: (none)
  Request: REQUEST_DATA_OBJECT
  ALGORITHM_AFTER_FORWARD: 1
  FORWARD_DIRECTION: 0

[0m
[0m[31m(   1.685s) [paraview        ]      vtkXdmfReader.cxx:253    ERR| vtkXdmfReader (0x2fa2d40): Error opening file output_jobid_3912355_extracted-fault.xdmf[0m
[0m[31m(   1.685s) [paraview        ]       vtkExecutive.cxx:729    ERR| vtkPVCompositeDataPipeline (0x2fa59a0): Algorithm vtkXdmfReader (0x2fa2d40) returned failure for request: vtkInformation (0x2fa4850)
  Debug: Off
  Modified Time: 92671
  Reference Count: 1
  Registered Events: (none)
  Request: REQUEST_DATA_OBJECT
  ALGORITHM_AFTER_FORWARD: 1
  FORWARD_DIRECTION: 0

[0m
[0m[31m(   1.685s) [paraview        ]      vtkXdmfReader.cxx:253    ERR| vtkXdmfReader (0x2fa2d40): Error opening file output_jobid_3912355_extracted-fault.xdmf[0m
[0m[31m(   1.685s) [paraview        ]       vtkExecutive.cxx:729    ERR| vtkPVCompositeDataPipeline (0x2fa59a0): Algorithm vtkXdmfReader (0x2fa2d40) returned failure for request: vtkInformation (0x2fa4850)
  Debug: Off
  Modified Time: 92671
  Reference Count: 1
  Registered Events: (none)
  Request: REQUEST_DATA_OBJECT
  ALGORITHM_AFTER_FORWARD: 1
  FORWARD_DIRECTION: 0

[0m
[0m[31m(   1.784s) [paraview        ]      vtkXdmfReader.cxx:253    ERR| vtkXdmfReader (0x2fa2d40): Error opening file output_jobid_3912355_extracted-fault.xdmf[0m
[0m[31m(   1.785s) [paraview        ]       vtkExecutive.cxx:729    ERR| vtkPVCompositeDataPipeline (0x2fb2010): Algorithm vtkFileSeriesReader (0x2fafa80) returned failure for request: vtkInformation (0x48c16c0)
  Debug: Off
  Modified Time: 154806
  Reference Count: 1
  Registered Events: (none)
  Request: REQUEST_DATA_OBJECT
  FROM_OUTPUT_PORT: 0
  ALGORITHM_AFTER_FORWARD: 1
  FORWARD_DIRECTION: 0

[0m
[0m[31m(   1.785s) [paraview        ]      vtkXdmfReader.cxx:253    ERR| vtkXdmfReader (0x2fa2d40): Error opening file output_jobid_3912355_extracted-fault.xdmf[0m
[0m[31m(   1.785s) [paraview        ]       vtkExecutive.cxx:729    ERR| vtkPVCompositeDataPipeline (0x2fb2010): Algorithm vtkFileSeriesReader (0x2fafa80) returned failure for request: vtkInformation (0x48c16c0)
  Debug: Off
  Modified Time: 154806
  Reference Count: 1
  Registered Events: (none)
  Request: REQUEST_DATA_OBJECT
  FROM_OUTPUT_PORT: 0
  ALGORITHM_AFTER_FORWARD: 1
  FORWARD_DIRECTION: 0

[0m
[0m[33m(   1.929s) [paraview        ]vtkSMColorMapEditorHelp:772   WARN| Failed to determine the LookupTable being used.[0m
[0m[31m(   1.930s) [paraview        ]      vtkXdmfReader.cxx:253    ERR| vtkXdmfReader (0x2fa2d40): Error opening file output_jobid_3912355_extracted-fault.xdmf[0m
[0m[31m(   1.930s) [paraview        ]       vtkExecutive.cxx:729    ERR| vtkPVCompositeDataPipeline (0x2fb2010): Algorithm vtkFileSeriesReader (0x2fafa80) returned failure for request: vtkInformation (0x5448f00)
  Debug: Off
  Modified Time: 878736
  Reference Count: 1
  Registered Events: (none)
  Request: REQUEST_DATA_OBJECT
  FROM_OUTPUT_PORT: 0
  ALGORITHM_AFTER_FORWARD: 1
  FORWARD_DIRECTION: 0

[0m
[0m[31m(   1.930s) [paraview        ]       vtkExecutive.cxx:729    ERR| vtkCompositeDataPipeline (0x53a54f0): Algorithm vtkPVGeometryFilter (0x550b5f0) returned failure for request: vtkInformation (0x53b5b10)
  Debug: Off
  Modified Time: 878740
  Reference Count: 1
  Registered Events: (none)
  Request: REQUEST_DATA_OBJECT
  FROM_OUTPUT_PORT: 0
  ALGORITHM_AFTER_FORWARD: 1
  FORWARD_DIRECTION: 0

[0m
[0m[31m(   1.930s) [paraview        ]      vtkXdmfReader.cxx:253    ERR| vtkXdmfReader (0x2fa2d40): Error opening file output_jobid_3912355_extracted-fault.xdmf[0m
[0m[31m(   1.930s) [paraview        ]       vtkExecutive.cxx:729    ERR| vtkPVCompositeDataPipeline (0x2fb2010): Algorithm vtkFileSeriesReader (0x2fafa80) returned failure for request: vtkInformation (0x53636c0)
  Debug: Off
  Modified Time: 878804
  Reference Count: 1
  Registered Events: (none)
  Request: REQUEST_DATA_OBJECT
  FROM_OUTPUT_PORT: 0
  ALGORITHM_AFTER_FORWARD: 1
  FORWARD_DIRECTION: 0

[0m
[0m[31m(   1.930s) [paraview        ]       vtkExecutive.cxx:729    ERR| vtkCompositeDataPipeline (0x5380940): Algorithm vtkPVGeometryFilter (0x53512b0) returned failure for request: vtkInformation (0x5381a10)
  Debug: Off
  Modified Time: 878809
  Reference Count: 1
  Registered Events: (none)
  Request: REQUEST_DATA_OBJECT
  FROM_OUTPUT_PORT: 0
  ALGORITHM_AFTER_FORWARD: 1
  FORWARD_DIRECTION: 0

[0m
[0m[31m(   1.930s) [paraview        ]      vtkXdmfReader.cxx:253    ERR| vtkXdmfReader (0x2fa2d40): Error opening file output_jobid_3912355_extracted-fault.xdmf[0m
[0m[31m(   1.931s) [paraview        ]       vtkExecutive.cxx:729    ERR| vtkPVCompositeDataPipeline (0x2fb2010): Algorithm vtkFileSeriesReader (0x2fafa80) returned failure for request: vtkInformation (0x4dd6670)
  Debug: Off
  Modified Time: 878867
  Reference Count: 1
  Registered Events: (none)
  Request: REQUEST_DATA_OBJECT
  FROM_OUTPUT_PORT: 0
  ALGORITHM_AFTER_FORWARD: 1
  FORWARD_DIRECTION: 0

[0m
[0m[31m(   1.939s) [paraview        ]       vtkExecutive.cxx:729    ERR| vtkCompositeDataPipeline (0x53a54f0): Algorithm vtkPVGeometryFilter (0x550b5f0) returned failure for request: vtkInformation (0x53b5b10)
  Debug: Off
  Modified Time: 878740
  Reference Count: 1
  Registered Events: (none)
  Request: REQUEST_DATA_OBJECT
  FROM_OUTPUT_PORT: 0
  ALGORITHM_AFTER_FORWARD: 1
  FORWARD_DIRECTION: 0

[0m
[0m[31m(   1.939s) [paraview        ]       vtkExecutive.cxx:729    ERR| vtkCompositeDataPipeline (0x5380940): Algorithm vtkPVGeometryFilter (0x53512b0) returned failure for request: vtkInformation (0x5381a10)
  Debug: Off
  Modified Time: 878809
  Reference Count: 1
  Registered Events: (none)
  Request: REQUEST_DATA_OBJECT
  FROM_OUTPUT_PORT: 0
  ALGORITHM_AFTER_FORWARD: 1
  FORWARD_DIRECTION: 0

[0m
[0m[33m(   1.939s) [paraview        ]vtkSMColorMapEditorHelp:772   WARN| Failed to determine the LookupTable being used.[0m
[0m[31m(   1.939s) [paraview        ]       vtkExecutive.cxx:729    ERR| vtkCompositeDataPipeline (0x53a54f0): Algorithm vtkPVGeometryFilter (0x550b5f0) returned failure for request: vtkInformation (0x53b5b10)
  Debug: Off
  Modified Time: 878740
  Reference Count: 1
  Registered Events: (none)
  Request: REQUEST_DATA_OBJECT
  FROM_OUTPUT_PORT: 0
  ALGORITHM_AFTER_FORWARD: 1
  FORWARD_DIRECTION: 0

[0m
[0m[31m(   1.939s) [paraview        ]       vtkExecutive.cxx:729    ERR| vtkCompositeDataPipeline (0x5380940): Algorithm vtkPVGeometryFilter (0x53512b0) returned failure for request: vtkInformation (0x5381a10)
  Debug: Off
  Modified Time: 878809
  Reference Count: 1
  Registered Events: (none)
  Request: REQUEST_DATA_OBJECT
  FROM_OUTPUT_PORT: 0
  ALGORITHM_AFTER_FORWARD: 1
  FORWARD_DIRECTION: 0

[0m
[0m[31m(   1.944s) [paraview        ]      vtkXdmfReader.cxx:253    ERR| vtkXdmfReader (0x2fa2d40): Error opening file output_jobid_3912355_extracted-fault.xdmf[0m
[0m[31m(   1.944s) [paraview        ]       vtkExecutive.cxx:729    ERR| vtkPVCompositeDataPipeline (0x2fb2010): Algorithm vtkFileSeriesReader (0x2fafa80) returned failure for request: vtkInformation (0x5ced9c0)
  Debug: Off
  Modified Time: 882181
  Reference Count: 1
  Registered Events: (none)
  Request: REQUEST_DATA_OBJECT
  FROM_OUTPUT_PORT: 0
  ALGORITHM_AFTER_FORWARD: 1
  FORWARD_DIRECTION: 0

[0m
[0m[31m(   1.945s) [paraview        ]      vtkXdmfReader.cxx:253    ERR| vtkXdmfReader (0x2fa2d40): Error opening file output_jobid_3912355_extracted-fault.xdmf[0m
[0m[31m(   1.945s) [paraview        ]       vtkExecutive.cxx:729    ERR| vtkPVCompositeDataPipeline (0x2fb2010): Algorithm vtkFileSeriesReader (0x2fafa80) returned failure for request: vtkInformation (0x5d174d0)
  Debug: Off
  Modified Time: 882363
  Reference Count: 1
  Registered Events: (none)
  Request: REQUEST_DATA_OBJECT
  FROM_OUTPUT_PORT: 0
  ALGORITHM_AFTER_FORWARD: 1
  FORWARD_DIRECTION: 0

[0m
[0m[31m(   1.945s) [paraview        ]      vtkXdmfReader.cxx:253    ERR| vtkXdmfReader (0x2fa2d40): Error opening file output_jobid_3912355_extracted-fault.xdmf[0m
[0m[31m(   1.945s) [paraview        ]       vtkExecutive.cxx:729    ERR| vtkPVCompositeDataPipeline (0x2fb2010): Algorithm vtkFileSeriesReader (0x2fafa80) returned failure for request: vtkInformation (0x5d174d0)
  Debug: Off
  Modified Time: 882363
  Reference Count: 1
  Registered Events: (none)
  Request: REQUEST_DATA_OBJECT
  FROM_OUTPUT_PORT: 0
  ALGORITHM_AFTER_FORWARD: 1
  FORWARD_DIRECTION: 0

[0m
[0m[31m(   2.061s) [paraview        ]      vtkXdmfReader.cxx:253    ERR| vtkXdmfReader (0x2fa2d40): Error opening file output_jobid_3912355_extracted-fault.xdmf[0m
[0m[31m(   2.061s) [paraview        ]       vtkExecutive.cxx:729    ERR| vtkPVCompositeDataPipeline (0x2fb2010): Algorithm vtkFileSeriesReader (0x2fafa80) returned failure for request: vtkInformation (0x5d174d0)
  Debug: Off
  Modified Time: 882363
  Reference Count: 1
  Registered Events: (none)
  Request: REQUEST_DATA_OBJECT
  FROM_OUTPUT_PORT: 0
  ALGORITHM_AFTER_FORWARD: 1
  FORWARD_DIRECTION: 0

[0m
[0m[31m(   2.061s) [paraview        ]      vtkXdmfReader.cxx:253    ERR| vtkXdmfReader (0x2fa2d40): Error opening file output_jobid_3912355_extracted-fault.xdmf[0m
[0m[31m(   2.061s) [paraview        ]       vtkExecutive.cxx:729    ERR| vtkPVCompositeDataPipeline (0x2fb2010): Algorithm vtkFileSeriesReader (0x2fafa80) returned failure for request: vtkInformation (0x5d174d0)
  Debug: Off
  Modified Time: 882363
  Reference Count: 1
  Registered Events: (none)
  Request: REQUEST_DATA_OBJECT
  FROM_OUTPUT_PORT: 0
  ALGORITHM_AFTER_FORWARD: 1
  FORWARD_DIRECTION: 0

[0m
[0m[33m(   2.071s) [paraview        ]vtkSMColorMapEditorHelp:772   WARN| Failed to determine the LookupTable being used.[0m
[0m[33m(   2.078s) [paraview        ]vtkSMColorMapEditorHelp:170   WARN| Could not determine array range.[0m
[0m[33m(   2.078s) [paraview        ]vtkSMColorMapEditorHelp:170   WARN| Could not determine array range.[0m
[0m[31m(   2.089s) [paraview        ]      vtkXdmfReader.cxx:253    ERR| vtkXdmfReader (0x2fa2d40): Error opening file output_jobid_3912355_extracted-fault.xdmf[0m
[0m[31m(   2.089s) [paraview        ]       vtkExecutive.cxx:729    ERR| vtkPVCompositeDataPipeline (0x2fb2010): Algorithm vtkFileSeriesReader (0x2fafa80) returned failure for request: vtkInformation (0x6bfaf40)
  Debug: Off
  Modified Time: 1029688
  Reference Count: 1
  Registered Events: (none)
  Request: REQUEST_DATA_OBJECT
  FROM_OUTPUT_PORT: 0
  ALGORITHM_AFTER_FORWARD: 1
  FORWARD_DIRECTION: 0

[0m
[0m[31m(   2.090s) [paraview        ]      vtkXdmfReader.cxx:253    ERR| vtkXdmfReader (0x2fa2d40): Error opening file output_jobid_3912355_extracted-fault.xdmf[0m
[0m[31m(   2.090s) [paraview        ]       vtkExecutive.cxx:729    ERR| vtkPVCompositeDataPipeline (0x2fb2010): Algorithm vtkFileSeriesReader (0x2fafa80) returned failure for request: vtkInformation (0x6c06110)
  Debug: Off
  Modified Time: 1029870
  Reference Count: 1
  Registered Events: (none)
  Request: REQUEST_DATA_OBJECT
  FROM_OUTPUT_PORT: 0
  ALGORITHM_AFTER_FORWARD: 1
  FORWARD_DIRECTION: 0

[0m
[0m[31m(   2.090s) [paraview        ]      vtkXdmfReader.cxx:253    ERR| vtkXdmfReader (0x2fa2d40): Error opening file output_jobid_3912355_extracted-fault.xdmf[0m
[0m[31m(   2.090s) [paraview        ]       vtkExecutive.cxx:729    ERR| vtkPVCompositeDataPipeline (0x2fb2010): Algorithm vtkFileSeriesReader (0x2fafa80) returned failure for request: vtkInformation (0x6c06110)
  Debug: Off
  Modified Time: 1029870
  Reference Count: 1
  Registered Events: (none)
  Request: REQUEST_DATA_OBJECT
  FROM_OUTPUT_PORT: 0
  ALGORITHM_AFTER_FORWARD: 1
  FORWARD_DIRECTION: 0

[0m
[0m[31m(   2.202s) [paraview        ]      vtkXdmfReader.cxx:253    ERR| vtkXdmfReader (0x2fa2d40): Error opening file output_jobid_3912355_extracted-fault.xdmf[0m
[0m[31m(   2.202s) [paraview        ]       vtkExecutive.cxx:729    ERR| vtkPVCompositeDataPipeline (0x2fb2010): Algorithm vtkFileSeriesReader (0x2fafa80) returned failure for request: vtkInformation (0x6c06110)
  Debug: Off
  Modified Time: 1029870
  Reference Count: 1
  Registered Events: (none)
  Request: REQUEST_DATA_OBJECT
  FROM_OUTPUT_PORT: 0
  ALGORITHM_AFTER_FORWARD: 1
  FORWARD_DIRECTION: 0

[0m
[0m[31m(   2.202s) [paraview        ]      vtkXdmfReader.cxx:253    ERR| vtkXdmfReader (0x2fa2d40): Error opening file output_jobid_3912355_extracted-fault.xdmf[0m
[0m[31m(   2.203s) [paraview        ]       vtkExecutive.cxx:729    ERR| vtkPVCompositeDataPipeline (0x2fb2010): Algorithm vtkFileSeriesReader (0x2fafa80) returned failure for request: vtkInformation (0x6c06110)
  Debug: Off
  Modified Time: 1029870
  Reference Count: 1
  Registered Events: (none)
  Request: REQUEST_DATA_OBJECT
  FROM_OUTPUT_PORT: 0
  ALGORITHM_AFTER_FORWARD: 1
  FORWARD_DIRECTION: 0

[0m
[0m[31m(   2.212s) [paraview        ]      vtkXdmfReader.cxx:253    ERR| vtkXdmfReader (0x2fa2d40): Error opening file output_jobid_3912355_extracted-fault.xdmf[0m
[0m[31m(   2.213s) [paraview        ]       vtkExecutive.cxx:729    ERR| vtkPVCompositeDataPipeline (0x2fb2010): Algorithm vtkFileSeriesReader (0x2fafa80) returned failure for request: vtkInformation (0x6c06110)
  Debug: Off
  Modified Time: 1029870
  Reference Count: 1
  Registered Events: (none)
  Request: REQUEST_DATA_OBJECT
  FROM_OUTPUT_PORT: 0
  ALGORITHM_AFTER_FORWARD: 1
  FORWARD_DIRECTION: 0

[0m
[0m[31m(   2.213s) [paraview        ]      vtkXdmfReader.cxx:253    ERR| vtkXdmfReader (0x2fa2d40): Error opening file output_jobid_3912355_extracted-fault.xdmf[0m
[0m[31m(   2.213s) [paraview        ]       vtkExecutive.cxx:729    ERR| vtkPVCompositeDataPipeline (0x2fb2010): Algorithm vtkFileSeriesReader (0x2fafa80) returned failure for request: vtkInformation (0x6c06110)
  Debug: Off
  Modified Time: 1029870
  Reference Count: 1
  Registered Events: (none)
  Request: REQUEST_DATA_OBJECT
  FROM_OUTPUT_PORT: 0
  ALGORITHM_AFTER_FORWARD: 1
  FORWARD_DIRECTION: 0

[0m
[0m[31m(   2.216s) [paraview        ]      vtkXdmfReader.cxx:253    ERR| vtkXdmfReader (0x2fa2d40): Error opening file output_jobid_3912355_extracted-fault.xdmf[0m
[0m[31m(   2.216s) [paraview        ]       vtkExecutive.cxx:729    ERR| vtkPVCompositeDataPipeline (0x2fb2010): Algorithm vtkFileSeriesReader (0x2fafa80) returned failure for request: vtkInformation (0x67d3270)
  Debug: Off
  Modified Time: 1171885
  Reference Count: 1
  Registered Events: (none)
  Request: REQUEST_DATA_OBJECT
  FROM_OUTPUT_PORT: 0
  ALGORITHM_AFTER_FORWARD: 1
  FORWARD_DIRECTION: 0

[0m
[0m[31m(   2.216s) [paraview        ]      vtkXdmfReader.cxx:253    ERR| vtkXdmfReader (0x2fa2d40): Error opening file output_jobid_3912355_extracted-fault.xdmf[0m
[0m[31m(   2.217s) [paraview        ]       vtkExecutive.cxx:729    ERR| vtkPVCompositeDataPipeline (0x2fb2010): Algorithm vtkFileSeriesReader (0x2fafa80) returned failure for request: vtkInformation (0x67d3270)
  Debug: Off
  Modified Time: 1171885
  Reference Count: 1
  Registered Events: (none)
  Request: REQUEST_DATA_OBJECT
  FROM_OUTPUT_PORT: 0
  ALGORITHM_AFTER_FORWARD: 1
  FORWARD_DIRECTION: 0

[0m
Traceback (most recent call last):
  File "/dss/dsshome1/01/di35poq/soft/plot_initial_stress_profile.py", line 58, in <module>
    data = pd.read_csv(csvfile)
  File "/dss/dsshome1/01/di35poq/.local/lib/python3.8/site-packages/pandas/io/parsers/readers.py", line 912, in read_csv
    return _read(filepath_or_buffer, kwds)
  File "/dss/dsshome1/01/di35poq/.local/lib/python3.8/site-packages/pandas/io/parsers/readers.py", line 577, in _read
    parser = TextFileReader(filepath_or_buffer, **kwds)
  File "/dss/dsshome1/01/di35poq/.local/lib/python3.8/site-packages/pandas/io/parsers/readers.py", line 1407, in __init__
    self._engine = self._make_engine(f, self.engine)
  File "/dss/dsshome1/01/di35poq/.local/lib/python3.8/site-packages/pandas/io/parsers/readers.py", line 1679, in _make_engine
    return mapping[engine](f, **self.options)
  File "/dss/dsshome1/01/di35poq/.local/lib/python3.8/site-packages/pandas/io/parsers/c_parser_wrapper.py", line 93, in __init__
    self._reader = parsers.TextReader(src, **kwds)
  File "pandas/_libs/parsers.pyx", line 557, in pandas._libs.parsers.TextReader.__cinit__
pandas.errors.EmptyDataError: No columns to parse from file
/var/spool/slurm/job3912355/slurm_script: line 95: popd: directory stack empty
cp: target '/hppfs/scratch/01/di35poq/haiti-rupture-outputs/dynamic-rupture-outputs/variable_SH_max/jobid_3912355/logs/' is not a directory
