Couldn't load script: [string "function f (x)..."]:10: '}' expected near '50'Couldn't load script: [string "function f (x)..."]:10: '}' expected near '50'Couldn't load script: [string "function f (x)..."]:10: '}' expected near '50'Couldn't load script: [string "function f (x)..."]:10: '}' expected near '50'Couldn't load script: [string "function f (x)..."]:10: '}' expected near '50'srun: error: i01r01c03s09: task 8: Aborted (core dumped)
srun: launch/slurm: _step_signal: Terminating StepId=3933031.0
Couldn't load script: [string "function f (x)..."]:10: '}' expected near '50'slurmstepd: error: *** STEP 3933031.0 ON i01r01c03s01 CANCELLED AT 2024-09-26T00:09:12 ***
srun: error: i01r01c03s03: task 2: Aborted (core dumped)
srun: error: i01r01c03s12: task 11: Aborted (core dumped)
srun: error: i01r01c03s04: task 3: Aborted (core dumped)
srun: error: i01r01c03s10: task 9: Aborted (core dumped)
Couldn't load script: [string "function f (x)..."]:10: '}' expected near '50'srun: error: i01r01c03s01: task 0: Aborted (core dumped)
srun: error: i01r01c03s11: task 10: Aborted (core dumped)
srun: error: i01r01c03s07: task 6: Terminated
srun: error: i01r01c03s08: task 7: Terminated
srun: error: i01r01c04s04: task 15: Terminated
srun: error: i01r01c03s05: task 4: Terminated
srun: error: i01r01c04s03: task 14: Terminated
srun: error: i01r01c04s02: task 13: Terminated
srun: error: i01r01c03s06: task 5: Terminated
srun: error: i01r01c03s02: task 1: Terminated
srun: error: i01r01c04s01: task 12: Terminated
srun: Force Terminated StepId=3933031.0
cp: cannot create directory '/hppfs/scratch/01/di35poq/haiti-rupture-outputs/dynamic-rupture-outputs/variable_SH_max/jobid_3933031/logs': No such file or directory
/var/spool/slurm/job3933031/slurm_script: line 80: pushd: /hppfs/scratch/01/di35poq/haiti-rupture-outputs/dynamic-rupture-outputs/variable_SH_max/jobid_3933031: No such file or directory
Traceback (most recent call last):
  File "/dss/dsshome1/01/di35poq/.local/bin/seissol_output_extractor", line 8, in <module>
    sys.exit(main())
  File "/dss/dsshome1/01/di35poq/.local/lib/python3.8/site-packages/seissolxdmfwriter/seissol_output_extractor.py", line 143, in main
    sx = SeissolxdmfExtended(args.xdmfFilename)
  File "/dss/dsshome1/01/di35poq/.local/lib/python3.8/site-packages/seissolxdmf/seissolxdmf.py", line 14, in __init__
    with open (xdmfFilename, "r") as fid:
FileNotFoundError: [Errno 2] No such file or directory: 'output-surface.xdmf'
Traceback (most recent call last):
  File "/dss/dsshome1/01/di35poq/soft/calc-moment-rate_supermuc.py", line 30, in find_xdmffile_wahweap
    xdmfFile = glob.glob(datadir + '*/jobid_'+jobid+'*/*extracted-fault.xdmf')[0]
IndexError: list index out of range

During handling of the above exception, another exception occurred:

Traceback (most recent call last):
  File "/dss/dsshome1/01/di35poq/soft/calc-moment-rate_supermuc.py", line 211, in <module>
    generateMoment(jobid_list)
  File "/dss/dsshome1/01/di35poq/soft/calc-moment-rate_supermuc.py", line 87, in generateMoment
    xdmfFilename, momentCsvFile = find_xdmffile_wahweap(jobid)
  File "/dss/dsshome1/01/di35poq/soft/calc-moment-rate_supermuc.py", line 34, in find_xdmffile_wahweap
    xdmfFile = glob.glob(datadir + '*/jobid_'+jobid+'*/output-fault.xdmf')[0]
IndexError: list index out of range
Traceback (most recent call last):
  File "/dss/dsshome1/01/di35poq/soft/calc-R-rake_supermuc.py", line 83, in <module>
    jobdir, xdmfFile, momentCsvFile = find_xdmffile_wahweap(jobid)
  File "/dss/dsshome1/01/di35poq/soft/calc-R-rake_supermuc.py", line 32, in find_xdmffile_wahweap
    xdmfFile = glob.glob(datadir + '*/jobid_'+jobid+'*/output-fault.xdmf')[0]
IndexError: list index out of range
[0m[31m(   1.820s) [paraview        ]      vtkXdmfReader.cxx:253    ERR| vtkXdmfReader (0x2b70cd0): Error opening file output_jobid_3933031_extracted-fault.xdmf[0m
[0m[31m(   1.821s) [paraview        ]       vtkExecutive.cxx:729    ERR| vtkPVCompositeDataPipeline (0x2b7ffa0): Algorithm vtkFileSeriesReader (0x2b7da10) returned failure for request: vtkInformation (0x2b7f590)
  Debug: Off
  Modified Time: 92784
  Reference Count: 1
  Registered Events: (none)
  Request: REQUEST_DATA_OBJECT
  ALGORITHM_AFTER_FORWARD: 1
  FORWARD_DIRECTION: 0

[0m
[0m[31m(   1.822s) [paraview        ]      vtkXdmfReader.cxx:253    ERR| vtkXdmfReader (0x2b70cd0): Error opening file output_jobid_3933031_extracted-fault.xdmf[0m
[0m[31m(   1.823s) [paraview        ]       vtkExecutive.cxx:729    ERR| vtkPVCompositeDataPipeline (0x2b73930): Algorithm vtkXdmfReader (0x2b70cd0) returned failure for request: vtkInformation (0x2b727e0)
  Debug: Off
  Modified Time: 92671
  Reference Count: 1
  Registered Events: (none)
  Request: REQUEST_DATA_OBJECT
  ALGORITHM_AFTER_FORWARD: 1
  FORWARD_DIRECTION: 0

[0m
[0m[31m(   1.823s) [paraview        ]      vtkXdmfReader.cxx:253    ERR| vtkXdmfReader (0x2b70cd0): Error opening file output_jobid_3933031_extracted-fault.xdmf[0m
[0m[31m(   1.823s) [paraview        ]       vtkExecutive.cxx:729    ERR| vtkPVCompositeDataPipeline (0x2b73930): Algorithm vtkXdmfReader (0x2b70cd0) returned failure for request: vtkInformation (0x2b727e0)
  Debug: Off
  Modified Time: 92671
  Reference Count: 1
  Registered Events: (none)
  Request: REQUEST_DATA_OBJECT
  ALGORITHM_AFTER_FORWARD: 1
  FORWARD_DIRECTION: 0

[0m
[0m[31m(   1.823s) [paraview        ]      vtkXdmfReader.cxx:253    ERR| vtkXdmfReader (0x2b70cd0): Error opening file output_jobid_3933031_extracted-fault.xdmf[0m
[0m[31m(   1.823s) [paraview        ]       vtkExecutive.cxx:729    ERR| vtkPVCompositeDataPipeline (0x2b7ffa0): Algorithm vtkFileSeriesReader (0x2b7da10) returned failure for request: vtkInformation (0x2b7f590)
  Debug: Off
  Modified Time: 92784
  Reference Count: 1
  Registered Events: (none)
  Request: REQUEST_DATA_OBJECT
  ALGORITHM_AFTER_FORWARD: 1
  FORWARD_DIRECTION: 0

[0m
[0m[31m(   1.823s) [paraview        ]      vtkXdmfReader.cxx:253    ERR| vtkXdmfReader (0x2b70cd0): Error opening file output_jobid_3933031_extracted-fault.xdmf[0m
[0m[31m(   1.823s) [paraview        ]       vtkExecutive.cxx:729    ERR| vtkPVCompositeDataPipeline (0x2b73930): Algorithm vtkXdmfReader (0x2b70cd0) returned failure for request: vtkInformation (0x2b727e0)
  Debug: Off
  Modified Time: 92671
  Reference Count: 1
  Registered Events: (none)
  Request: REQUEST_DATA_OBJECT
  ALGORITHM_AFTER_FORWARD: 1
  FORWARD_DIRECTION: 0

[0m
[0m[31m(   1.823s) [paraview        ]      vtkXdmfReader.cxx:253    ERR| vtkXdmfReader (0x2b70cd0): Error opening file output_jobid_3933031_extracted-fault.xdmf[0m
[0m[31m(   1.823s) [paraview        ]       vtkExecutive.cxx:729    ERR| vtkPVCompositeDataPipeline (0x2b73930): Algorithm vtkXdmfReader (0x2b70cd0) returned failure for request: vtkInformation (0x2b727e0)
  Debug: Off
  Modified Time: 92671
  Reference Count: 1
  Registered Events: (none)
  Request: REQUEST_DATA_OBJECT
  ALGORITHM_AFTER_FORWARD: 1
  FORWARD_DIRECTION: 0

[0m
[0m[31m(   1.825s) [paraview        ]      vtkXdmfReader.cxx:253    ERR| vtkXdmfReader (0x2b70cd0): Error opening file output_jobid_3933031_extracted-fault.xdmf[0m
[0m[31m(   1.825s) [paraview        ]       vtkExecutive.cxx:729    ERR| vtkPVCompositeDataPipeline (0x2b7ffa0): Algorithm vtkFileSeriesReader (0x2b7da10) returned failure for request: vtkInformation (0x2b7f590)
  Debug: Off
  Modified Time: 92784
  Reference Count: 1
  Registered Events: (none)
  Request: REQUEST_DATA_OBJECT
  ALGORITHM_AFTER_FORWARD: 1
  FORWARD_DIRECTION: 0

[0m
[0m[31m(   1.825s) [paraview        ]      vtkXdmfReader.cxx:253    ERR| vtkXdmfReader (0x2b70cd0): Error opening file output_jobid_3933031_extracted-fault.xdmf[0m
[0m[31m(   1.825s) [paraview        ]       vtkExecutive.cxx:729    ERR| vtkPVCompositeDataPipeline (0x2b73930): Algorithm vtkXdmfReader (0x2b70cd0) returned failure for request: vtkInformation (0x2b727e0)
  Debug: Off
  Modified Time: 92671
  Reference Count: 1
  Registered Events: (none)
  Request: REQUEST_DATA_OBJECT
  ALGORITHM_AFTER_FORWARD: 1
  FORWARD_DIRECTION: 0

[0m
[0m[31m(   1.825s) [paraview        ]      vtkXdmfReader.cxx:253    ERR| vtkXdmfReader (0x2b70cd0): Error opening file output_jobid_3933031_extracted-fault.xdmf[0m
[0m[31m(   1.825s) [paraview        ]       vtkExecutive.cxx:729    ERR| vtkPVCompositeDataPipeline (0x2b73930): Algorithm vtkXdmfReader (0x2b70cd0) returned failure for request: vtkInformation (0x2b727e0)
  Debug: Off
  Modified Time: 92671
  Reference Count: 1
  Registered Events: (none)
  Request: REQUEST_DATA_OBJECT
  ALGORITHM_AFTER_FORWARD: 1
  FORWARD_DIRECTION: 0

[0m
[0m[31m(   1.925s) [paraview        ]      vtkXdmfReader.cxx:253    ERR| vtkXdmfReader (0x2b70cd0): Error opening file output_jobid_3933031_extracted-fault.xdmf[0m
[0m[31m(   1.925s) [paraview        ]       vtkExecutive.cxx:729    ERR| vtkPVCompositeDataPipeline (0x2b7ffa0): Algorithm vtkFileSeriesReader (0x2b7da10) returned failure for request: vtkInformation (0x448f540)
  Debug: Off
  Modified Time: 154807
  Reference Count: 1
  Registered Events: (none)
  Request: REQUEST_DATA_OBJECT
  FROM_OUTPUT_PORT: 0
  ALGORITHM_AFTER_FORWARD: 1
  FORWARD_DIRECTION: 0

[0m
[0m[31m(   1.925s) [paraview        ]      vtkXdmfReader.cxx:253    ERR| vtkXdmfReader (0x2b70cd0): Error opening file output_jobid_3933031_extracted-fault.xdmf[0m
[0m[31m(   1.925s) [paraview        ]       vtkExecutive.cxx:729    ERR| vtkPVCompositeDataPipeline (0x2b7ffa0): Algorithm vtkFileSeriesReader (0x2b7da10) returned failure for request: vtkInformation (0x448f540)
  Debug: Off
  Modified Time: 154807
  Reference Count: 1
  Registered Events: (none)
  Request: REQUEST_DATA_OBJECT
  FROM_OUTPUT_PORT: 0
  ALGORITHM_AFTER_FORWARD: 1
  FORWARD_DIRECTION: 0

[0m
[0m[33m(   2.068s) [paraview        ]vtkSMColorMapEditorHelp:772   WARN| Failed to determine the LookupTable being used.[0m
[0m[31m(   2.069s) [paraview        ]      vtkXdmfReader.cxx:253    ERR| vtkXdmfReader (0x2b70cd0): Error opening file output_jobid_3933031_extracted-fault.xdmf[0m
[0m[31m(   2.069s) [paraview        ]       vtkExecutive.cxx:729    ERR| vtkPVCompositeDataPipeline (0x2b7ffa0): Algorithm vtkFileSeriesReader (0x2b7da10) returned failure for request: vtkInformation (0x500e140)
  Debug: Off
  Modified Time: 878737
  Reference Count: 1
  Registered Events: (none)
  Request: REQUEST_DATA_OBJECT
  FROM_OUTPUT_PORT: 0
  ALGORITHM_AFTER_FORWARD: 1
  FORWARD_DIRECTION: 0

[0m
[0m[31m(   2.069s) [paraview        ]       vtkExecutive.cxx:729    ERR| vtkCompositeDataPipeline (0x4f73350): Algorithm vtkPVGeometryFilter (0x50d94e0) returned failure for request: vtkInformation (0x4f742f0)
  Debug: Off
  Modified Time: 878741
  Reference Count: 1
  Registered Events: (none)
  Request: REQUEST_DATA_OBJECT
  FROM_OUTPUT_PORT: 0
  ALGORITHM_AFTER_FORWARD: 1
  FORWARD_DIRECTION: 0

[0m
[0m[31m(   2.069s) [paraview        ]      vtkXdmfReader.cxx:253    ERR| vtkXdmfReader (0x2b70cd0): Error opening file output_jobid_3933031_extracted-fault.xdmf[0m
[0m[31m(   2.069s) [paraview        ]       vtkExecutive.cxx:729    ERR| vtkPVCompositeDataPipeline (0x2b7ffa0): Algorithm vtkFileSeriesReader (0x2b7da10) returned failure for request: vtkInformation (0x4f315c0)
  Debug: Off
  Modified Time: 878805
  Reference Count: 1
  Registered Events: (none)
  Request: REQUEST_DATA_OBJECT
  FROM_OUTPUT_PORT: 0
  ALGORITHM_AFTER_FORWARD: 1
  FORWARD_DIRECTION: 0

[0m
[0m[31m(   2.069s) [paraview        ]       vtkExecutive.cxx:729    ERR| vtkCompositeDataPipeline (0x4f4e840): Algorithm vtkPVGeometryFilter (0x4f1f1b0) returned failure for request: vtkInformation (0x4f4f910)
  Debug: Off
  Modified Time: 878810
  Reference Count: 1
  Registered Events: (none)
  Request: REQUEST_DATA_OBJECT
  FROM_OUTPUT_PORT: 0
  ALGORITHM_AFTER_FORWARD: 1
  FORWARD_DIRECTION: 0

[0m
[0m[31m(   2.069s) [paraview        ]      vtkXdmfReader.cxx:253    ERR| vtkXdmfReader (0x2b70cd0): Error opening file output_jobid_3933031_extracted-fault.xdmf[0m
[0m[31m(   2.069s) [paraview        ]       vtkExecutive.cxx:729    ERR| vtkPVCompositeDataPipeline (0x2b7ffa0): Algorithm vtkFileSeriesReader (0x2b7da10) returned failure for request: vtkInformation (0x49a4400)
  Debug: Off
  Modified Time: 878868
  Reference Count: 1
  Registered Events: (none)
  Request: REQUEST_DATA_OBJECT
  FROM_OUTPUT_PORT: 0
  ALGORITHM_AFTER_FORWARD: 1
  FORWARD_DIRECTION: 0

[0m
[0m[31m(   2.077s) [paraview        ]       vtkExecutive.cxx:729    ERR| vtkCompositeDataPipeline (0x4f73350): Algorithm vtkPVGeometryFilter (0x50d94e0) returned failure for request: vtkInformation (0x4f742f0)
  Debug: Off
  Modified Time: 878741
  Reference Count: 1
  Registered Events: (none)
  Request: REQUEST_DATA_OBJECT
  FROM_OUTPUT_PORT: 0
  ALGORITHM_AFTER_FORWARD: 1
  FORWARD_DIRECTION: 0

[0m
[0m[31m(   2.077s) [paraview        ]       vtkExecutive.cxx:729    ERR| vtkCompositeDataPipeline (0x4f4e840): Algorithm vtkPVGeometryFilter (0x4f1f1b0) returned failure for request: vtkInformation (0x4f4f910)
  Debug: Off
  Modified Time: 878810
  Reference Count: 1
  Registered Events: (none)
  Request: REQUEST_DATA_OBJECT
  FROM_OUTPUT_PORT: 0
  ALGORITHM_AFTER_FORWARD: 1
  FORWARD_DIRECTION: 0

[0m
[0m[33m(   2.077s) [paraview        ]vtkSMColorMapEditorHelp:772   WARN| Failed to determine the LookupTable being used.[0m
[0m[31m(   2.078s) [paraview        ]       vtkExecutive.cxx:729    ERR| vtkCompositeDataPipeline (0x4f73350): Algorithm vtkPVGeometryFilter (0x50d94e0) returned failure for request: vtkInformation (0x4f742f0)
  Debug: Off
  Modified Time: 878741
  Reference Count: 1
  Registered Events: (none)
  Request: REQUEST_DATA_OBJECT
  FROM_OUTPUT_PORT: 0
  ALGORITHM_AFTER_FORWARD: 1
  FORWARD_DIRECTION: 0

[0m
[0m[31m(   2.078s) [paraview        ]       vtkExecutive.cxx:729    ERR| vtkCompositeDataPipeline (0x4f4e840): Algorithm vtkPVGeometryFilter (0x4f1f1b0) returned failure for request: vtkInformation (0x4f4f910)
  Debug: Off
  Modified Time: 878810
  Reference Count: 1
  Registered Events: (none)
  Request: REQUEST_DATA_OBJECT
  FROM_OUTPUT_PORT: 0
  ALGORITHM_AFTER_FORWARD: 1
  FORWARD_DIRECTION: 0

[0m
[0m[31m(   2.083s) [paraview        ]      vtkXdmfReader.cxx:253    ERR| vtkXdmfReader (0x2b70cd0): Error opening file output_jobid_3933031_extracted-fault.xdmf[0m
[0m[31m(   2.083s) [paraview        ]       vtkExecutive.cxx:729    ERR| vtkPVCompositeDataPipeline (0x2b7ffa0): Algorithm vtkFileSeriesReader (0x2b7da10) returned failure for request: vtkInformation (0x58bbc00)
  Debug: Off
  Modified Time: 882182
  Reference Count: 1
  Registered Events: (none)
  Request: REQUEST_DATA_OBJECT
  FROM_OUTPUT_PORT: 0
  ALGORITHM_AFTER_FORWARD: 1
  FORWARD_DIRECTION: 0

[0m
[0m[31m(   2.084s) [paraview        ]      vtkXdmfReader.cxx:253    ERR| vtkXdmfReader (0x2b70cd0): Error opening file output_jobid_3933031_extracted-fault.xdmf[0m
[0m[31m(   2.084s) [paraview        ]       vtkExecutive.cxx:729    ERR| vtkPVCompositeDataPipeline (0x2b7ffa0): Algorithm vtkFileSeriesReader (0x2b7da10) returned failure for request: vtkInformation (0x58e5710)
  Debug: Off
  Modified Time: 882364
  Reference Count: 1
  Registered Events: (none)
  Request: REQUEST_DATA_OBJECT
  FROM_OUTPUT_PORT: 0
  ALGORITHM_AFTER_FORWARD: 1
  FORWARD_DIRECTION: 0

[0m
[0m[31m(   2.084s) [paraview        ]      vtkXdmfReader.cxx:253    ERR| vtkXdmfReader (0x2b70cd0): Error opening file output_jobid_3933031_extracted-fault.xdmf[0m
[0m[31m(   2.084s) [paraview        ]       vtkExecutive.cxx:729    ERR| vtkPVCompositeDataPipeline (0x2b7ffa0): Algorithm vtkFileSeriesReader (0x2b7da10) returned failure for request: vtkInformation (0x58e5710)
  Debug: Off
  Modified Time: 882364
  Reference Count: 1
  Registered Events: (none)
  Request: REQUEST_DATA_OBJECT
  FROM_OUTPUT_PORT: 0
  ALGORITHM_AFTER_FORWARD: 1
  FORWARD_DIRECTION: 0

[0m
[0m[31m(   2.199s) [paraview        ]      vtkXdmfReader.cxx:253    ERR| vtkXdmfReader (0x2b70cd0): Error opening file output_jobid_3933031_extracted-fault.xdmf[0m
[0m[31m(   2.199s) [paraview        ]       vtkExecutive.cxx:729    ERR| vtkPVCompositeDataPipeline (0x2b7ffa0): Algorithm vtkFileSeriesReader (0x2b7da10) returned failure for request: vtkInformation (0x58e5710)
  Debug: Off
  Modified Time: 882364
  Reference Count: 1
  Registered Events: (none)
  Request: REQUEST_DATA_OBJECT
  FROM_OUTPUT_PORT: 0
  ALGORITHM_AFTER_FORWARD: 1
  FORWARD_DIRECTION: 0

[0m
[0m[31m(   2.199s) [paraview        ]      vtkXdmfReader.cxx:253    ERR| vtkXdmfReader (0x2b70cd0): Error opening file output_jobid_3933031_extracted-fault.xdmf[0m
[0m[31m(   2.199s) [paraview        ]       vtkExecutive.cxx:729    ERR| vtkPVCompositeDataPipeline (0x2b7ffa0): Algorithm vtkFileSeriesReader (0x2b7da10) returned failure for request: vtkInformation (0x58e5710)
  Debug: Off
  Modified Time: 882364
  Reference Count: 1
  Registered Events: (none)
  Request: REQUEST_DATA_OBJECT
  FROM_OUTPUT_PORT: 0
  ALGORITHM_AFTER_FORWARD: 1
  FORWARD_DIRECTION: 0

[0m
[0m[33m(   2.209s) [paraview        ]vtkSMColorMapEditorHelp:772   WARN| Failed to determine the LookupTable being used.[0m
[0m[33m(   2.216s) [paraview        ]vtkSMColorMapEditorHelp:170   WARN| Could not determine array range.[0m
[0m[33m(   2.216s) [paraview        ]vtkSMColorMapEditorHelp:170   WARN| Could not determine array range.[0m
[0m[31m(   2.227s) [paraview        ]      vtkXdmfReader.cxx:253    ERR| vtkXdmfReader (0x2b70cd0): Error opening file output_jobid_3933031_extracted-fault.xdmf[0m
[0m[31m(   2.227s) [paraview        ]       vtkExecutive.cxx:729    ERR| vtkPVCompositeDataPipeline (0x2b7ffa0): Algorithm vtkFileSeriesReader (0x2b7da10) returned failure for request: vtkInformation (0x67d6460)
  Debug: Off
  Modified Time: 1029687
  Reference Count: 1
  Registered Events: (none)
  Request: REQUEST_DATA_OBJECT
  FROM_OUTPUT_PORT: 0
  ALGORITHM_AFTER_FORWARD: 1
  FORWARD_DIRECTION: 0

[0m
[0m[31m(   2.228s) [paraview        ]      vtkXdmfReader.cxx:253    ERR| vtkXdmfReader (0x2b70cd0): Error opening file output_jobid_3933031_extracted-fault.xdmf[0m
[0m[31m(   2.228s) [paraview        ]       vtkExecutive.cxx:729    ERR| vtkPVCompositeDataPipeline (0x2b7ffa0): Algorithm vtkFileSeriesReader (0x2b7da10) returned failure for request: vtkInformation (0x6766c00)
  Debug: Off
  Modified Time: 1029869
  Reference Count: 1
  Registered Events: (none)
  Request: REQUEST_DATA_OBJECT
  FROM_OUTPUT_PORT: 0
  ALGORITHM_AFTER_FORWARD: 1
  FORWARD_DIRECTION: 0

[0m
[0m[31m(   2.228s) [paraview        ]      vtkXdmfReader.cxx:253    ERR| vtkXdmfReader (0x2b70cd0): Error opening file output_jobid_3933031_extracted-fault.xdmf[0m
[0m[31m(   2.228s) [paraview        ]       vtkExecutive.cxx:729    ERR| vtkPVCompositeDataPipeline (0x2b7ffa0): Algorithm vtkFileSeriesReader (0x2b7da10) returned failure for request: vtkInformation (0x6766c00)
  Debug: Off
  Modified Time: 1029869
  Reference Count: 1
  Registered Events: (none)
  Request: REQUEST_DATA_OBJECT
  FROM_OUTPUT_PORT: 0
  ALGORITHM_AFTER_FORWARD: 1
  FORWARD_DIRECTION: 0

[0m
[0m[31m(   2.339s) [paraview        ]      vtkXdmfReader.cxx:253    ERR| vtkXdmfReader (0x2b70cd0): Error opening file output_jobid_3933031_extracted-fault.xdmf[0m
[0m[31m(   2.339s) [paraview        ]       vtkExecutive.cxx:729    ERR| vtkPVCompositeDataPipeline (0x2b7ffa0): Algorithm vtkFileSeriesReader (0x2b7da10) returned failure for request: vtkInformation (0x6766c00)
  Debug: Off
  Modified Time: 1029869
  Reference Count: 1
  Registered Events: (none)
  Request: REQUEST_DATA_OBJECT
  FROM_OUTPUT_PORT: 0
  ALGORITHM_AFTER_FORWARD: 1
  FORWARD_DIRECTION: 0

[0m
[0m[31m(   2.339s) [paraview        ]      vtkXdmfReader.cxx:253    ERR| vtkXdmfReader (0x2b70cd0): Error opening file output_jobid_3933031_extracted-fault.xdmf[0m
[0m[31m(   2.339s) [paraview        ]       vtkExecutive.cxx:729    ERR| vtkPVCompositeDataPipeline (0x2b7ffa0): Algorithm vtkFileSeriesReader (0x2b7da10) returned failure for request: vtkInformation (0x6766c00)
  Debug: Off
  Modified Time: 1029869
  Reference Count: 1
  Registered Events: (none)
  Request: REQUEST_DATA_OBJECT
  FROM_OUTPUT_PORT: 0
  ALGORITHM_AFTER_FORWARD: 1
  FORWARD_DIRECTION: 0

[0m
[0m[31m(   2.349s) [paraview        ]      vtkXdmfReader.cxx:253    ERR| vtkXdmfReader (0x2b70cd0): Error opening file output_jobid_3933031_extracted-fault.xdmf[0m
[0m[31m(   2.349s) [paraview        ]       vtkExecutive.cxx:729    ERR| vtkPVCompositeDataPipeline (0x2b7ffa0): Algorithm vtkFileSeriesReader (0x2b7da10) returned failure for request: vtkInformation (0x6766c00)
  Debug: Off
  Modified Time: 1029869
  Reference Count: 1
  Registered Events: (none)
  Request: REQUEST_DATA_OBJECT
  FROM_OUTPUT_PORT: 0
  ALGORITHM_AFTER_FORWARD: 1
  FORWARD_DIRECTION: 0

[0m
[0m[31m(   2.349s) [paraview        ]      vtkXdmfReader.cxx:253    ERR| vtkXdmfReader (0x2b70cd0): Error opening file output_jobid_3933031_extracted-fault.xdmf[0m
[0m[31m(   2.349s) [paraview        ]       vtkExecutive.cxx:729    ERR| vtkPVCompositeDataPipeline (0x2b7ffa0): Algorithm vtkFileSeriesReader (0x2b7da10) returned failure for request: vtkInformation (0x6766c00)
  Debug: Off
  Modified Time: 1029869
  Reference Count: 1
  Registered Events: (none)
  Request: REQUEST_DATA_OBJECT
  FROM_OUTPUT_PORT: 0
  ALGORITHM_AFTER_FORWARD: 1
  FORWARD_DIRECTION: 0

[0m
[0m[31m(   2.353s) [paraview        ]      vtkXdmfReader.cxx:253    ERR| vtkXdmfReader (0x2b70cd0): Error opening file output_jobid_3933031_extracted-fault.xdmf[0m
[0m[31m(   2.353s) [paraview        ]       vtkExecutive.cxx:729    ERR| vtkPVCompositeDataPipeline (0x2b7ffa0): Algorithm vtkFileSeriesReader (0x2b7da10) returned failure for request: vtkInformation (0x59184b0)
  Debug: Off
  Modified Time: 1171884
  Reference Count: 1
  Registered Events: (none)
  Request: REQUEST_DATA_OBJECT
  FROM_OUTPUT_PORT: 0
  ALGORITHM_AFTER_FORWARD: 1
  FORWARD_DIRECTION: 0

[0m
[0m[31m(   2.353s) [paraview        ]      vtkXdmfReader.cxx:253    ERR| vtkXdmfReader (0x2b70cd0): Error opening file output_jobid_3933031_extracted-fault.xdmf[0m
[0m[31m(   2.353s) [paraview        ]       vtkExecutive.cxx:729    ERR| vtkPVCompositeDataPipeline (0x2b7ffa0): Algorithm vtkFileSeriesReader (0x2b7da10) returned failure for request: vtkInformation (0x59184b0)
  Debug: Off
  Modified Time: 1171884
  Reference Count: 1
  Registered Events: (none)
  Request: REQUEST_DATA_OBJECT
  FROM_OUTPUT_PORT: 0
  ALGORITHM_AFTER_FORWARD: 1
  FORWARD_DIRECTION: 0

[0m
Traceback (most recent call last):
  File "/dss/dsshome1/01/di35poq/soft/plot_initial_stress_profile.py", line 58, in <module>
    data = pd.read_csv(csvfile)
  File "/dss/dsshome1/01/di35poq/.local/lib/python3.8/site-packages/pandas/io/parsers/readers.py", line 912, in read_csv
    return _read(filepath_or_buffer, kwds)
  File "/dss/dsshome1/01/di35poq/.local/lib/python3.8/site-packages/pandas/io/parsers/readers.py", line 577, in _read
    parser = TextFileReader(filepath_or_buffer, **kwds)
  File "/dss/dsshome1/01/di35poq/.local/lib/python3.8/site-packages/pandas/io/parsers/readers.py", line 1407, in __init__
    self._engine = self._make_engine(f, self.engine)
  File "/dss/dsshome1/01/di35poq/.local/lib/python3.8/site-packages/pandas/io/parsers/readers.py", line 1679, in _make_engine
    return mapping[engine](f, **self.options)
  File "/dss/dsshome1/01/di35poq/.local/lib/python3.8/site-packages/pandas/io/parsers/c_parser_wrapper.py", line 93, in __init__
    self._reader = parsers.TextReader(src, **kwds)
  File "pandas/_libs/parsers.pyx", line 557, in pandas._libs.parsers.TextReader.__cinit__
pandas.errors.EmptyDataError: No columns to parse from file
/var/spool/slurm/job3933031/slurm_script: line 95: popd: directory stack empty
cp: target '/hppfs/scratch/01/di35poq/haiti-rupture-outputs/dynamic-rupture-outputs/variable_SH_max/jobid_3933031/logs/' is not a directory
