Haiti_initial_stress.yaml: yaml-cpp: error at line 24, column 41: : The input parameters of a component (S,SH_max,s2ratio,sig_zz) added to a composite are incompatible (should be S,SH_max,sig_zz).
!<!EvalModel>
parameters: [sig_zz, S, SH_max]
model: !<!Switch>
  [sig_zz]: !<!Include> Haiti_sig_zz.yaml
  [SH_max]: !<!Any>
    components:
      - !<!GroupFilter>
        groups: [66]
        components: !<!ConstantMap>
          map:
            SH_max: 40.0
      - !<!GroupFilter>
        groups: [65, 67, 68, 69, 70]
        components: !<!ConstantMap>
          map:
            SH_max: 40.0
  [S]: !<!Any>
    components:
      - !<!GroupFilter>
        groups: [65]
        components: !<!LuaMap>
          returns: [S]
          function: "function f (x)\n R = 0.6\n return {\n   S = (1.0/R-1.0)\n }\n end\n"
      - !<!GroupFilter>
        groups: [66, 67, 68, 69, 70]
        components: !<!LuaMap>
          returns: [S]
          function: "function f (x)\n R = 0.6\n return {\n   S = (1.0/R-1.0)\n }\n end     \n"
  [s2ratio]: !<!Any>
    components:
      - !<!GroupFilter>
        groups: [65]
        components: !<!ConstantMap>
          map:
            s2ratio: 0.0
      - !<!GroupFilter>
        groups: [66, 67, 68, 69, 70]
        components: !<!ConstantMap>
          map:
            s2ratio: 0.5
components: !<!AndersonianStress>
  constants:
    mu_d: 0.16
    mu_s: 0.5
    cohesion: 0.0
    S_v: 3
terminate called after throwing an instance of 'std::runtime_error'
Haiti_initial_stress.yaml: yaml-cpp: error at line 24, column 41: : The input parameters of a component (S,SH_max,s2ratio,sig_zz) added to a composite are incompatible (should be S,SH_max,sig_zz).
!<!EvalModel>
parameters: [sig_zz, S, SH_max]
model: !<!Switch>
  [sig_zz]: !<!Include> Haiti_sig_zz.yaml
  [SH_max]: !<!Any>
    components:
      - !<!GroupFilter>
        groups: [66]
        components: !<!ConstantMap>
          map:
            SH_max: 40.0
      - !<!GroupFilter>
        groups: [65, 67, 68, 69, 70]
        components: !<!ConstantMap>
          map:
            SH_max: 40.0
  [S]: !<!Any>
    components:
      - !<!GroupFilter>
        groups: [65]
        components: !<!LuaMap>
          returns: [S]
          function: "function f (x)\n R = 0.6\n return {\n   S = (1.0/R-1.0)\n }\n end\n"
      - !<!GroupFilter>
        groups: [66, 67, 68, 69, 70]
        components: !<!LuaMap>
          returns: [S]
Haiti_initial_stress.yaml: yaml-cpp: error at line 24, column 41: : The input parameters of a component (S,SH_max,s2ratio,sig_zz) added to a composite are incompatible (should be S,SH_max,sig_zz).
!<!EvalModel>
parameters: [sig_zz, S, SH_max]
model: !<!Switch>
  [sig_zz]: !<!Include> Haiti_sig_zz.yaml
  [SH_max]: !<!Any>
    components:
      - !<!GroupFilter>
        groups: [66]
        components: !<!ConstantMap>
          map:
            SH_max: 40.0
      - !<!GroupFilter>
        groups: [65, 67, 68, 69, 70]
        components: !<!ConstantMap>
          map:
            SH_max: 40.0
  [S]: !<!Any>
    components:
      - !<!GroupFilter>
        groups: [65]
        components: !<!LuaMap>
          returns: [S]
          function: "function f (x)\n R = 0.6\n return {\n   S = (1.0/R-1.0)\n }\n end\n"
      - !<!GroupFilter>
        groups: [66, 67, 68, 69, 70]
        components: !<!LuaMap>
          returns: [S]
Haiti_initial_stress.yaml: yaml-cpp: error at line 24, column 41: : The input parameters of a component (S,SH_max,s2ratio,sig_zz) added to a composite are incompatible (should be S,SH_max,sig_zz).
!<!EvalModel>
parameters: [sig_zz, S, SH_max]
model: !<!Switch>
  [sig_zz]: !<!Include> Haiti_sig_zz.yaml
  [SH_max]: !<!Any>
    components:
      - !<!GroupFilter>
        groups: [66]
        components: !<!ConstantMap>
          map:
            SH_max: 40.0
      - !<!GroupFilter>
        groups: [65, 67, 68, 69, 70]
        components: !<!ConstantMap>
          map:
            SH_max: 40.0
  [S]: !<!Any>
    components:
      - !<!GroupFilter>
        groups: [65]
        components: !<!LuaMap>
          returns: [S]
          function: "function f (x)\n R = 0.6\n return {\n   S = (1.0/R-1.0)\n }\n end\n"
      - !<!GroupFilter>
        groups: [66, 67, 68, 69, 70]
        components: !<!LuaMap>
          returns: [S]
Haiti_initial_stress.yaml: yaml-cpp: error at line 24, column 41: : The input parameters of a component (S,SH_max,s2ratio,sig_zz) added to a composite are incompatible (should be S,SH_max,sig_zz).
!<!EvalModel>
parameters: [sig_zz, S, SH_max]
model: !<!Switch>
  [sig_zz]: !<!Include> Haiti_sig_zz.yaml
  [SH_max]: !<!Any>
    components:
      - !<!GroupFilter>
        groups: [66]
        components: !<!ConstantMap>
          map:
            SH_max: 40.0
      - !<!GroupFilter>
        groups: [65, 67, 68, 69, 70]
        components: !<!ConstantMap>
          map:
            SH_max: 40.0
  [S]: !<!Any>
    components:
      - !<!GroupFilter>
        groups: [65]
        components: !<!LuaMap>
          returns: [S]
          function: "function f (x)\n R = 0.6\n return {\n   S = (1.0/R-1.0)\n }\n end\n"
      - !<!GroupFilter>
        groups: [66, 67, 68, 69, 70]
        components: !<!LuaMap>
          returns: [S]
Haiti_initial_stress.yaml: yaml-cpp: error at line 24, column 41: : The input parameters of a component (S,SH_max,s2ratio,sig_zz) added to a composite are incompatible (should be S,SH_max,sig_zz).
!<!EvalModel>
parameters: [sig_zz, S, SH_max]
model: !<!Switch>
  [sig_zz]: !<!Include> Haiti_sig_zz.yaml
  [SH_max]: !<!Any>
    components:
      - !<!GroupFilter>
        groups: [66]
        components: !<!ConstantMap>
          map:
            SH_max: 40.0
      - !<!GroupFilter>
        groups: [65, 67, 68, 69, 70]
        components: !<!ConstantMap>
          map:
            SH_max: 40.0
  [S]: !<!Any>
    components:
      - !<!GroupFilter>
        groups: [65]
        components: !<!LuaMap>
          returns: [S]
          function: "function f (x)\n R = 0.6\n return {\n   S = (1.0/R-1.0)\n }\n end\n"
      - !<!GroupFilter>
        groups: [66, 67, 68, 69, 70]
        components: !<!LuaMap>
          returns: [S]
Haiti_initial_stress.yaml: yaml-cpp: error at line 24, column 41: : The input parameters of a component (S,SH_max,s2ratio,sig_zz) added to a composite are incompatible (should be S,SH_max,sig_zz).
!<!EvalModel>
parameters: [sig_zz, S, SH_max]
model: !<!Switch>
  [sig_zz]: !<!Include> Haiti_sig_zz.yaml
  [SH_max]: !<!Any>
    components:
      - !<!GroupFilter>
        groups: [66]
        components: !<!ConstantMap>
          map:
            SH_max: 40.0
      - !<!GroupFilter>
        groups: [65, 67, 68, 69, 70]
        components: !<!ConstantMap>
          map:
            SH_max: 40.0
  [S]: !<!Any>
    components:
      - !<!GroupFilter>
        groups: [65]
        components: !<!LuaMap>
          returns: [S]
          function: "function f (x)\n R = 0.6\n return {\n   S = (1.0/R-1.0)\n }\n end\n"
      - !<!GroupFilter>
        groups: [66, 67, 68, 69, 70]
        components: !<!LuaMap>
          returns: [S]
Haiti_initial_stress.yaml: yaml-cpp: error at line 24, column 41: : The input parameters of a component (S,SH_max,s2ratio,sig_zz) added to a composite are incompatible (should be S,SH_max,sig_zz).
!<!EvalModel>
parameters: [sig_zz, S, SH_max]
model: !<!Switch>
  [sig_zz]: !<!Include> Haiti_sig_zz.yaml
  [SH_max]: !<!Any>
    components:
      - !<!GroupFilter>
        groups: [66]
        components: !<!ConstantMap>
          map:
            SH_max: 40.0
      - !<!GroupFilter>
        groups: [65, 67, 68, 69, 70]
        components: !<!ConstantMap>
          map:
            SH_max: 40.0
  [S]: !<!Any>
    components:
      - !<!GroupFilter>
        groups: [65]
        components: !<!LuaMap>
          returns: [S]
          function: "function f (x)\n R = 0.6\n return {\n   S = (1.0/R-1.0)\n }\n end\n"
      - !<!GroupFilter>
        groups: [66, 67, 68, 69, 70]
        components: !<!LuaMap>
          returns: [S]
  what():  Error while parsing easi model file.
Haiti_initial_stress.yaml: yaml-cpp: error at line 24, column 41: : The input parameters of a component (S,SH_max,s2ratio,sig_zz) added to a composite are incompatible (should be S,SH_max,sig_zz).
!<!EvalModel>
parameters: [sig_zz, S, SH_max]
model: !<!Switch>
  [sig_zz]: !<!Include> Haiti_sig_zz.yaml
  [SH_max]: !<!Any>
    components:
      - !<!GroupFilter>
        groups: [66]
        components: !<!ConstantMap>
          map:
            SH_max: 40.0
      - !<!GroupFilter>
        groups: [65, 67, 68, 69, 70]
        components: !<!ConstantMap>
          map:
            SH_max: 40.0
  [S]: !<!Any>
    components:
      - !<!GroupFilter>
        groups: [65]
        components: !<!LuaMap>
          returns: [S]
          function: "function f (x)\n R = 0.6\n return {\n   S = (1.0/R-1.0)\n }\n end\n"
      - !<!GroupFilter>
        groups: [66, 67, 68, 69, 70]
        components: !<!LuaMap>
          returns: [S]
          function: "function f (x)\n R = 0.6\n return {\n   S = (1.0/R-1.0)\n }\n end     \n"
  [s2ratio]: !<!Any>
    components:
      - !<!GroupFilter>
        groups: [65]
        components: !<!ConstantMap>
          map:
            s2ratio: 0.0
      - !<!GroupFilter>
        groups: [66, 67, 68, 69, 70]
        components: !<!ConstantMap>
          map:
            s2ratio: 0.5
components: !<!AndersonianStress>
  constants:
    mu_d: 0.16
    mu_s: 0.5
    cohesion: 0.0
    S_v: 3
          function: "function f (x)\n R = 0.6\n return {\n   S = (1.0/R-1.0)\n }\n end     \n"
  [s2ratio]: !<!Any>
    components:
      - !<!GroupFilter>
        groups: [65]
        components: !<!ConstantMap>
          map:
            s2ratio: 0.0
      - !<!GroupFilter>
        groups: [66, 67, 68, 69, 70]
        components: !<!ConstantMap>
          map:
            s2ratio: 0.5
components: !<!AndersonianStress>
  constants:
    mu_d: 0.16
    mu_s: 0.5
    cohesion: 0.0
    S_v: 3
          function: "function f (x)\n R = 0.6\n return {\n   S = (1.0/R-1.0)\n }\n end     \n"
  [s2ratio]: !<!Any>
    components:
      - !<!GroupFilter>
        groups: [65]
        components: !<!ConstantMap>
          map:
            s2ratio: 0.0
      - !<!GroupFilter>
        groups: [66, 67, 68, 69, 70]
        components: !<!ConstantMap>
          map:
            s2ratio: 0.5
components: !<!AndersonianStress>
  constants:
    mu_d: 0.16
    mu_s: 0.5
    cohesion: 0.0
    S_v: 3
          function: "function f (x)\n R = 0.6\n return {\n   S = (1.0/R-1.0)\n }\n end     \n"
  [s2ratio]: !<!Any>
    components:
      - !<!GroupFilter>
        groups: [65]
        components: !<!ConstantMap>
          map:
            s2ratio: 0.0
      - !<!GroupFilter>
        groups: [66, 67, 68, 69, 70]
        components: !<!ConstantMap>
          map:
            s2ratio: 0.5
components: !<!AndersonianStress>
  constants:
    mu_d: 0.16
    mu_s: 0.5
    cohesion: 0.0
    S_v: 3
          function: "function f (x)\n R = 0.6\n return {\n   S = (1.0/R-1.0)\n }\n end     \n"
  [s2ratio]: !<!Any>
    components:
      - !<!GroupFilter>
        groups: [65]
        components: !<!ConstantMap>
          map:
            s2ratio: 0.0
      - !<!GroupFilter>
        groups: [66, 67, 68, 69, 70]
        components: !<!ConstantMap>
          map:
            s2ratio: 0.5
components: !<!AndersonianStress>
  constants:
    mu_d: 0.16
    mu_s: 0.5
    cohesion: 0.0
    S_v: 3
Haiti_initial_stress.yaml: yaml-cpp: error at line 24, column 41: : The input parameters of a component (S,SH_max,s2ratio,sig_zz) added to a composite are incompatible (should be S,SH_max,sig_zz).
!<!EvalModel>
parameters: [sig_zz, S, SH_max]
model: !<!Switch>
  [sig_zz]: !<!Include> Haiti_sig_zz.yaml
  [SH_max]: !<!Any>
    components:
      - !<!GroupFilter>
        groups: [66]
        components: !<!ConstantMap>
          map:
            SH_max: 40.0
      - !<!GroupFilter>
        groups: [65, 67, 68, 69, 70]
        components: !<!ConstantMap>
          map:
            SH_max: 40.0
  [S]: !<!Any>
    components:
      - !<!GroupFilter>
        groups: [65]
        components: !<!LuaMap>
          returns: [S]
          function: "function f (x)\n R = 0.6\n return {\n   S = (1.0/R-1.0)\n }\n end\n"
      - !<!GroupFilter>
        groups: [66, 67, 68, 69, 70]
        components: !<!LuaMap>
          returns: [S]
Haiti_initial_stress.yaml: yaml-cpp: error at line 24, column 41: : The input parameters of a component (S,SH_max,s2ratio,sig_zz) added to a composite are incompatible (should be S,SH_max,sig_zz).
!<!EvalModel>
parameters: [sig_zz, S, SH_max]
model: !<!Switch>
  [sig_zz]: !<!Include> Haiti_sig_zz.yaml
  [SH_max]: !<!Any>
    components:
      - !<!GroupFilter>
        groups: [66]
        components: !<!ConstantMap>
          map:
            SH_max: 40.0
      - !<!GroupFilter>
        groups: [65, 67, 68, 69, 70]
        components: !<!ConstantMap>
          map:
            SH_max: 40.0
  [S]: !<!Any>
    components:
      - !<!GroupFilter>
        groups: [65]
        components: !<!LuaMap>
          returns: [S]
          function: "function f (x)\n R = 0.6\n return {\n   S = (1.0/R-1.0)\n }\n end\n"
      - !<!GroupFilter>
        groups: [66, 67, 68, 69, 70]
        components: !<!LuaMap>
          returns: [S]
Haiti_initial_stress.yaml: yaml-cpp: error at line 24, column 41: : The input parameters of a component (S,SH_max,s2ratio,sig_zz) added to a composite are incompatible (should be S,SH_max,sig_zz).
!<!EvalModel>
parameters: [sig_zz, S, SH_max]
model: !<!Switch>
  [sig_zz]: !<!Include> Haiti_sig_zz.yaml
  [SH_max]: !<!Any>
    components:
      - !<!GroupFilter>
        groups: [66]
        components: !<!ConstantMap>
          map:
            SH_max: 40.0
      - !<!GroupFilter>
        groups: [65, 67, 68, 69, 70]
        components: !<!ConstantMap>
          map:
            SH_max: 40.0
  [S]: !<!Any>
    components:
      - !<!GroupFilter>
        groups: [65]
        components: !<!LuaMap>
          returns: [S]
          function: "function f (x)\n R = 0.6\n return {\n   S = (1.0/R-1.0)\n }\n end\n"
      - !<!GroupFilter>
        groups: [66, 67, 68, 69, 70]
        components: !<!LuaMap>
          returns: [S]
Haiti_initial_stress.yaml: yaml-cpp: error at line 24, column 41: : The input parameters of a component (S,SH_max,s2ratio,sig_zz) added to a composite are incompatible (should be S,SH_max,sig_zz).
!<!EvalModel>
parameters: [sig_zz, S, SH_max]
model: !<!Switch>
  [sig_zz]: !<!Include> Haiti_sig_zz.yaml
  [SH_max]: !<!Any>
    components:
      - !<!GroupFilter>
        groups: [66]
        components: !<!ConstantMap>
          map:
            SH_max: 40.0
      - !<!GroupFilter>
        groups: [65, 67, 68, 69, 70]
        components: !<!ConstantMap>
          map:
            SH_max: 40.0
  [S]: !<!Any>
    components:
      - !<!GroupFilter>
        groups: [65]
        components: !<!LuaMap>
          returns: [S]
          function: "function f (x)\n R = 0.6\n return {\n   S = (1.0/R-1.0)\n }\n end\n"
      - !<!GroupFilter>
        groups: [66, 67, 68, 69, 70]
        components: !<!LuaMap>
          returns: [S]
Haiti_initial_stress.yaml: yaml-cpp: error at line 24, column 41: : The input parameters of a component (S,SH_max,s2ratio,sig_zz) added to a composite are incompatible (should be S,SH_max,sig_zz).
!<!EvalModel>
parameters: [sig_zz, S, SH_max]
model: !<!Switch>
  [sig_zz]: !<!Include> Haiti_sig_zz.yaml
  [SH_max]: !<!Any>
    components:
      - !<!GroupFilter>
        groups: [66]
        components: !<!ConstantMap>
          map:
            SH_max: 40.0
      - !<!GroupFilter>
        groups: [65, 67, 68, 69, 70]
        components: !<!ConstantMap>
          map:
            SH_max: 40.0
  [S]: !<!Any>
    components:
      - !<!GroupFilter>
        groups: [65]
        components: !<!LuaMap>
          returns: [S]
          function: "function f (x)\n R = 0.6\n return {\n   S = (1.0/R-1.0)\n }\n end\n"
      - !<!GroupFilter>
        groups: [66, 67, 68, 69, 70]
        components: !<!LuaMap>
          returns: [S]
          function: "function f (x)\n R = 0.6\n return {\n   S = (1.0/R-1.0)\n }\n end     \n"
  [s2ratio]: !<!Any>
    components:
      - !<!GroupFilter>
        groups: [65]
        components: !<!ConstantMap>
          map:
            s2ratio: 0.0
      - !<!GroupFilter>
        groups: [66, 67, 68, 69, 70]
        components: !<!ConstantMap>
          map:
            s2ratio: 0.5
components: !<!AndersonianStress>
  constants:
    mu_d: 0.16
    mu_s: 0.5
    cohesion: 0.0
    S_v: 3
Haiti_initial_stress.yaml: yaml-cpp: error at line 24, column 41: : The input parameters of a component (S,SH_max,s2ratio,sig_zz) added to a composite are incompatible (should be S,SH_max,sig_zz).
!<!EvalModel>
parameters: [sig_zz, S, SH_max]
model: !<!Switch>
  [sig_zz]: !<!Include> Haiti_sig_zz.yaml
  [SH_max]: !<!Any>
    components:
      - !<!GroupFilter>
        groups: [66]
        components: !<!ConstantMap>
          map:
            SH_max: 40.0
      - !<!GroupFilter>
        groups: [65, 67, 68, 69, 70]
        components: !<!ConstantMap>
          map:
            SH_max: 40.0
  [S]: !<!Any>
    components:
      - !<!GroupFilter>
        groups: [65]
        components: !<!LuaMap>
          returns: [S]
          function: "function f (x)\n R = 0.6\n return {\n   S = (1.0/R-1.0)\n }\n end\n"
      - !<!GroupFilter>
        groups: [66, 67, 68, 69, 70]
        components: !<!LuaMap>
          returns: [S]
          function: "function f (x)\n R = 0.6\n return {\n   S = (1.0/R-1.0)\n }\n end     \n"
  [s2ratio]: !<!Any>
    components:
      - !<!GroupFilter>
        groups: [65]
        components: !<!ConstantMap>
          map:
            s2ratio: 0.0
      - !<!GroupFilter>
        groups: [66, 67, 68, 69, 70]
        components: !<!ConstantMap>
          map:
            s2ratio: 0.5
components: !<!AndersonianStress>
  constants:
    mu_d: 0.16
    mu_s: 0.5
    cohesion: 0.0
    S_v: 3
          function: "function f (x)\n R = 0.6\n return {\n   S = (1.0/R-1.0)\n }\n end     \n"
  [s2ratio]: !<!Any>
    components:
      - !<!GroupFilter>
        groups: [65]
        components: !<!ConstantMap>
          map:
            s2ratio: 0.0
      - !<!GroupFilter>
        groups: [66, 67, 68, 69, 70]
        components: !<!ConstantMap>
          map:
            s2ratio: 0.5
components: !<!AndersonianStress>
  constants:
    mu_d: 0.16
    mu_s: 0.5
    cohesion: 0.0
    S_v: 3
terminate called after throwing an instance of 'std::runtime_error'
  what():  Error while parsing easi model file.
terminate called after throwing an instance of 'std::runtime_error'
terminate called after throwing an instance of 'std::runtime_error'
terminate called after throwing an instance of 'std::runtime_error'
  what():  Error while parsing easi model file.
          function: "function f (x)\n R = 0.6\n return {\n   S = (1.0/R-1.0)\n }\n end     \n"
  [s2ratio]: !<!Any>
    components:
      - !<!GroupFilter>
        groups: [65]
        components: !<!ConstantMap>
          map:
            s2ratio: 0.0
      - !<!GroupFilter>
        groups: [66, 67, 68, 69, 70]
        components: !<!ConstantMap>
          map:
            s2ratio: 0.5
components: !<!AndersonianStress>
  constants:
    mu_d: 0.16
    mu_s: 0.5
    cohesion: 0.0
    S_v: 3
          function: "function f (x)\n R = 0.6\n return {\n   S = (1.0/R-1.0)\n }\n end     \n"
  [s2ratio]: !<!Any>
    components:
      - !<!GroupFilter>
        groups: [65]
        components: !<!ConstantMap>
          map:
            s2ratio: 0.0
      - !<!GroupFilter>
        groups: [66, 67, 68, 69, 70]
        components: !<!ConstantMap>
          map:
            s2ratio: 0.5
components: !<!AndersonianStress>
  constants:
    mu_d: 0.16
    mu_s: 0.5
    cohesion: 0.0
    S_v: 3
          function: "function f (x)\n R = 0.6\n return {\n   S = (1.0/R-1.0)\n }\n end     \n"
  [s2ratio]: !<!Any>
    components:
      - !<!GroupFilter>
        groups: [65]
        components: !<!ConstantMap>
          map:
            s2ratio: 0.0
      - !<!GroupFilter>
        groups: [66, 67, 68, 69, 70]
        components: !<!ConstantMap>
          map:
            s2ratio: 0.5
components: !<!AndersonianStress>
  constants:
    mu_d: 0.16
    mu_s: 0.5
    cohesion: 0.0
    S_v: 3
Haiti_initial_stress.yaml: yaml-cpp: error at line 24, column 41: : The input parameters of a component (S,SH_max,s2ratio,sig_zz) added to a composite are incompatible (should be S,SH_max,sig_zz).
!<!EvalModel>
parameters: [sig_zz, S, SH_max]
model: !<!Switch>
  [sig_zz]: !<!Include> Haiti_sig_zz.yaml
  [SH_max]: !<!Any>
    components:
      - !<!GroupFilter>
        groups: [66]
        components: !<!ConstantMap>
          map:
            SH_max: 40.0
      - !<!GroupFilter>
        groups: [65, 67, 68, 69, 70]
        components: !<!ConstantMap>
          map:
            SH_max: 40.0
  [S]: !<!Any>
    components:
      - !<!GroupFilter>
        groups: [65]
        components: !<!LuaMap>
          returns: [S]
          function: "function f (x)\n R = 0.6\n return {\n   S = (1.0/R-1.0)\n }\n end\n"
      - !<!GroupFilter>
        groups: [66, 67, 68, 69, 70]
        components: !<!LuaMap>
          returns: [S]
terminate called after throwing an instance of 'std::runtime_error'
terminate called after throwing an instance of 'std::runtime_error'
terminate called after throwing an instance of 'std::runtime_error'
terminate called after throwing an instance of 'std::runtime_error'
  what():  Error while parsing easi model file.
  what():  Error while parsing easi model file.
  what():  Error while parsing easi model file.
terminate called after throwing an instance of 'std::runtime_error'
          function: "function f (x)\n R = 0.6\n return {\n   S = (1.0/R-1.0)\n }\n end     \n"
  [s2ratio]: !<!Any>
    components:
      - !<!GroupFilter>
        groups: [65]
        components: !<!ConstantMap>
          map:
            s2ratio: 0.0
      - !<!GroupFilter>
        groups: [66, 67, 68, 69, 70]
        components: !<!ConstantMap>
          map:
            s2ratio: 0.5
components: !<!AndersonianStress>
  constants:
    mu_d: 0.16
    mu_s: 0.5
    cohesion: 0.0
    S_v: 3
terminate called after throwing an instance of 'std::runtime_error'
          function: "function f (x)\n R = 0.6\n return {\n   S = (1.0/R-1.0)\n }\n end     \n"
  [s2ratio]: !<!Any>
    components:
      - !<!GroupFilter>
        groups: [65]
        components: !<!ConstantMap>
          map:
            s2ratio: 0.0
      - !<!GroupFilter>
        groups: [66, 67, 68, 69, 70]
        components: !<!ConstantMap>
          map:
            s2ratio: 0.5
components: !<!AndersonianStress>
  constants:
    mu_d: 0.16
    mu_s: 0.5
    cohesion: 0.0
    S_v: 3
terminate called after throwing an instance of 'std::runtime_error'
          function: "function f (x)\n R = 0.6\n return {\n   S = (1.0/R-1.0)\n }\n end     \n"
  [s2ratio]: !<!Any>
    components:
      - !<!GroupFilter>
        groups: [65]
        components: !<!ConstantMap>
          map:
            s2ratio: 0.0
      - !<!GroupFilter>
        groups: [66, 67, 68, 69, 70]
        components: !<!ConstantMap>
          map:
            s2ratio: 0.5
components: !<!AndersonianStress>
  constants:
    mu_d: 0.16
    mu_s: 0.5
    cohesion: 0.0
    S_v: 3
  what():  Error while parsing easi model file.
          function: "function f (x)\n R = 0.6\n return {\n   S = (1.0/R-1.0)\n }\n end     \n"
  [s2ratio]: !<!Any>
    components:
      - !<!GroupFilter>
        groups: [65]
        components: !<!ConstantMap>
          map:
            s2ratio: 0.0
      - !<!GroupFilter>
        groups: [66, 67, 68, 69, 70]
        components: !<!ConstantMap>
          map:
            s2ratio: 0.5
components: !<!AndersonianStress>
  constants:
    mu_d: 0.16
    mu_s: 0.5
    cohesion: 0.0
    S_v: 3
  what():  Error while parsing easi model file.
  what():  Error while parsing easi model file.
  what():  Error while parsing easi model file.
terminate called after throwing an instance of 'std::runtime_error'
  what():  Error while parsing easi model file.
terminate called after throwing an instance of 'std::runtime_error'
  what():  Error while parsing easi model file.
terminate called after throwing an instance of 'std::runtime_error'
terminate called after throwing an instance of 'std::runtime_error'
  what():  Error while parsing easi model file.
  what():  Error while parsing easi model file.
  what():  Error while parsing easi model file.
  what():  Error while parsing easi model file.
srun: error: i01r01c03s07: task 6: Aborted (core dumped)
srun: launch/slurm: _step_signal: Terminating StepId=3920765.0
srun: error: i01r01c04s03: task 14: Aborted (core dumped)
srun: error: i01r01c03s04: task 3: Aborted (core dumped)
srun: error: i01r01c04s01: task 12: Aborted (core dumped)
srun: error: i01r01c03s09: task 8: Aborted (core dumped)
srun: error: i01r01c03s08: task 7: Aborted (core dumped)
srun: error: i01r01c03s03: task 2: Aborted (core dumped)
srun: error: i01r01c04s02: task 13: Aborted (core dumped)
srun: error: i01r01c03s05: task 4: Aborted (core dumped)
srun: error: i01r01c03s01: task 0: Aborted (core dumped)
srun: error: i01r01c03s11: task 10: Aborted (core dumped)
srun: error: i01r01c03s02: task 1: Aborted (core dumped)
srun: error: i01r01c03s12: task 11: Aborted (core dumped)
srun: error: i01r01c03s06: task 5: Aborted (core dumped)
srun: error: i01r01c04s04: task 15: Aborted (core dumped)
srun: error: i01r01c03s10: task 9: Aborted (core dumped)
cp: cannot create directory '/hppfs/scratch/01/di35poq/haiti-rupture-outputs/dynamic-rupture-outputs/variable_SH_max/jobid_3920765/logs': No such file or directory
/var/spool/slurm/job3920765/slurm_script: line 80: pushd: /hppfs/scratch/01/di35poq/haiti-rupture-outputs/dynamic-rupture-outputs/variable_SH_max/jobid_3920765: No such file or directory
Traceback (most recent call last):
  File "/dss/dsshome1/01/di35poq/.local/bin/seissol_output_extractor", line 8, in <module>
    sys.exit(main())
  File "/dss/dsshome1/01/di35poq/.local/lib/python3.8/site-packages/seissolxdmfwriter/seissol_output_extractor.py", line 143, in main
    sx = SeissolxdmfExtended(args.xdmfFilename)
  File "/dss/dsshome1/01/di35poq/.local/lib/python3.8/site-packages/seissolxdmf/seissolxdmf.py", line 14, in __init__
    with open (xdmfFilename, "r") as fid:
FileNotFoundError: [Errno 2] No such file or directory: 'output-surface.xdmf'
Traceback (most recent call last):
  File "/dss/dsshome1/01/di35poq/soft/calc-moment-rate_supermuc.py", line 30, in find_xdmffile_wahweap
    xdmfFile = glob.glob(datadir + '*/jobid_'+jobid+'*/*extracted-fault.xdmf')[0]
IndexError: list index out of range

During handling of the above exception, another exception occurred:

Traceback (most recent call last):
  File "/dss/dsshome1/01/di35poq/soft/calc-moment-rate_supermuc.py", line 211, in <module>
    generateMoment(jobid_list)
  File "/dss/dsshome1/01/di35poq/soft/calc-moment-rate_supermuc.py", line 87, in generateMoment
    xdmfFilename, momentCsvFile = find_xdmffile_wahweap(jobid)
  File "/dss/dsshome1/01/di35poq/soft/calc-moment-rate_supermuc.py", line 34, in find_xdmffile_wahweap
    xdmfFile = glob.glob(datadir + '*/jobid_'+jobid+'*/output-fault.xdmf')[0]
IndexError: list index out of range
Traceback (most recent call last):
  File "/dss/dsshome1/01/di35poq/soft/calc-R-rake_supermuc.py", line 83, in <module>
    jobdir, xdmfFile, momentCsvFile = find_xdmffile_wahweap(jobid)
  File "/dss/dsshome1/01/di35poq/soft/calc-R-rake_supermuc.py", line 32, in find_xdmffile_wahweap
    xdmfFile = glob.glob(datadir + '*/jobid_'+jobid+'*/output-fault.xdmf')[0]
IndexError: list index out of range
[0m[31m(   6.879s) [paraview        ]      vtkXdmfReader.cxx:253    ERR| vtkXdmfReader (0x26f8d40): Error opening file output_jobid_3920765_extracted-fault.xdmf[0m
[0m[31m(   6.881s) [paraview        ]       vtkExecutive.cxx:729    ERR| vtkPVCompositeDataPipeline (0x2708010): Algorithm vtkFileSeriesReader (0x2705a80) returned failure for request: vtkInformation (0x2707600)
  Debug: Off
  Modified Time: 92784
  Reference Count: 1
  Registered Events: (none)
  Request: REQUEST_DATA_OBJECT
  ALGORITHM_AFTER_FORWARD: 1
  FORWARD_DIRECTION: 0

[0m
[0m[31m(   6.881s) [paraview        ]      vtkXdmfReader.cxx:253    ERR| vtkXdmfReader (0x26f8d40): Error opening file output_jobid_3920765_extracted-fault.xdmf[0m
[0m[31m(   6.881s) [paraview        ]       vtkExecutive.cxx:729    ERR| vtkPVCompositeDataPipeline (0x26fb9a0): Algorithm vtkXdmfReader (0x26f8d40) returned failure for request: vtkInformation (0x26fa850)
  Debug: Off
  Modified Time: 92671
  Reference Count: 1
  Registered Events: (none)
  Request: REQUEST_DATA_OBJECT
  ALGORITHM_AFTER_FORWARD: 1
  FORWARD_DIRECTION: 0

[0m
[0m[31m(   6.881s) [paraview        ]      vtkXdmfReader.cxx:253    ERR| vtkXdmfReader (0x26f8d40): Error opening file output_jobid_3920765_extracted-fault.xdmf[0m
[0m[31m(   6.881s) [paraview        ]       vtkExecutive.cxx:729    ERR| vtkPVCompositeDataPipeline (0x26fb9a0): Algorithm vtkXdmfReader (0x26f8d40) returned failure for request: vtkInformation (0x26fa850)
  Debug: Off
  Modified Time: 92671
  Reference Count: 1
  Registered Events: (none)
  Request: REQUEST_DATA_OBJECT
  ALGORITHM_AFTER_FORWARD: 1
  FORWARD_DIRECTION: 0

[0m
[0m[31m(   6.882s) [paraview        ]      vtkXdmfReader.cxx:253    ERR| vtkXdmfReader (0x26f8d40): Error opening file output_jobid_3920765_extracted-fault.xdmf[0m
[0m[31m(   6.882s) [paraview        ]       vtkExecutive.cxx:729    ERR| vtkPVCompositeDataPipeline (0x2708010): Algorithm vtkFileSeriesReader (0x2705a80) returned failure for request: vtkInformation (0x2707600)
  Debug: Off
  Modified Time: 92784
  Reference Count: 1
  Registered Events: (none)
  Request: REQUEST_DATA_OBJECT
  ALGORITHM_AFTER_FORWARD: 1
  FORWARD_DIRECTION: 0

[0m
[0m[31m(   6.882s) [paraview        ]      vtkXdmfReader.cxx:253    ERR| vtkXdmfReader (0x26f8d40): Error opening file output_jobid_3920765_extracted-fault.xdmf[0m
[0m[31m(   6.882s) [paraview        ]       vtkExecutive.cxx:729    ERR| vtkPVCompositeDataPipeline (0x26fb9a0): Algorithm vtkXdmfReader (0x26f8d40) returned failure for request: vtkInformation (0x26fa850)
  Debug: Off
  Modified Time: 92671
  Reference Count: 1
  Registered Events: (none)
  Request: REQUEST_DATA_OBJECT
  ALGORITHM_AFTER_FORWARD: 1
  FORWARD_DIRECTION: 0

[0m
[0m[31m(   6.882s) [paraview        ]      vtkXdmfReader.cxx:253    ERR| vtkXdmfReader (0x26f8d40): Error opening file output_jobid_3920765_extracted-fault.xdmf[0m
[0m[31m(   6.882s) [paraview        ]       vtkExecutive.cxx:729    ERR| vtkPVCompositeDataPipeline (0x26fb9a0): Algorithm vtkXdmfReader (0x26f8d40) returned failure for request: vtkInformation (0x26fa850)
  Debug: Off
  Modified Time: 92671
  Reference Count: 1
  Registered Events: (none)
  Request: REQUEST_DATA_OBJECT
  ALGORITHM_AFTER_FORWARD: 1
  FORWARD_DIRECTION: 0

[0m
[0m[31m(   6.884s) [paraview        ]      vtkXdmfReader.cxx:253    ERR| vtkXdmfReader (0x26f8d40): Error opening file output_jobid_3920765_extracted-fault.xdmf[0m
[0m[31m(   6.884s) [paraview        ]       vtkExecutive.cxx:729    ERR| vtkPVCompositeDataPipeline (0x2708010): Algorithm vtkFileSeriesReader (0x2705a80) returned failure for request: vtkInformation (0x2707600)
  Debug: Off
  Modified Time: 92784
  Reference Count: 1
  Registered Events: (none)
  Request: REQUEST_DATA_OBJECT
  ALGORITHM_AFTER_FORWARD: 1
  FORWARD_DIRECTION: 0

[0m
[0m[31m(   6.884s) [paraview        ]      vtkXdmfReader.cxx:253    ERR| vtkXdmfReader (0x26f8d40): Error opening file output_jobid_3920765_extracted-fault.xdmf[0m
[0m[31m(   6.884s) [paraview        ]       vtkExecutive.cxx:729    ERR| vtkPVCompositeDataPipeline (0x26fb9a0): Algorithm vtkXdmfReader (0x26f8d40) returned failure for request: vtkInformation (0x26fa850)
  Debug: Off
  Modified Time: 92671
  Reference Count: 1
  Registered Events: (none)
  Request: REQUEST_DATA_OBJECT
  ALGORITHM_AFTER_FORWARD: 1
  FORWARD_DIRECTION: 0

[0m
[0m[31m(   6.884s) [paraview        ]      vtkXdmfReader.cxx:253    ERR| vtkXdmfReader (0x26f8d40): Error opening file output_jobid_3920765_extracted-fault.xdmf[0m
[0m[31m(   6.884s) [paraview        ]       vtkExecutive.cxx:729    ERR| vtkPVCompositeDataPipeline (0x26fb9a0): Algorithm vtkXdmfReader (0x26f8d40) returned failure for request: vtkInformation (0x26fa850)
  Debug: Off
  Modified Time: 92671
  Reference Count: 1
  Registered Events: (none)
  Request: REQUEST_DATA_OBJECT
  ALGORITHM_AFTER_FORWARD: 1
  FORWARD_DIRECTION: 0

[0m
[0m[31m(   7.613s) [paraview        ]      vtkXdmfReader.cxx:253    ERR| vtkXdmfReader (0x26f8d40): Error opening file output_jobid_3920765_extracted-fault.xdmf[0m
[0m[31m(   7.613s) [paraview        ]       vtkExecutive.cxx:729    ERR| vtkPVCompositeDataPipeline (0x2708010): Algorithm vtkFileSeriesReader (0x2705a80) returned failure for request: vtkInformation (0x40177f0)
  Debug: Off
  Modified Time: 154807
  Reference Count: 1
  Registered Events: (none)
  Request: REQUEST_DATA_OBJECT
  FROM_OUTPUT_PORT: 0
  ALGORITHM_AFTER_FORWARD: 1
  FORWARD_DIRECTION: 0

[0m
[0m[31m(   7.613s) [paraview        ]      vtkXdmfReader.cxx:253    ERR| vtkXdmfReader (0x26f8d40): Error opening file output_jobid_3920765_extracted-fault.xdmf[0m
[0m[31m(   7.613s) [paraview        ]       vtkExecutive.cxx:729    ERR| vtkPVCompositeDataPipeline (0x2708010): Algorithm vtkFileSeriesReader (0x2705a80) returned failure for request: vtkInformation (0x40177f0)
  Debug: Off
  Modified Time: 154807
  Reference Count: 1
  Registered Events: (none)
  Request: REQUEST_DATA_OBJECT
  FROM_OUTPUT_PORT: 0
  ALGORITHM_AFTER_FORWARD: 1
  FORWARD_DIRECTION: 0

[0m
[0m[33m(   7.802s) [paraview        ]vtkSMColorMapEditorHelp:772   WARN| Failed to determine the LookupTable being used.[0m
[0m[31m(   7.803s) [paraview        ]      vtkXdmfReader.cxx:253    ERR| vtkXdmfReader (0x26f8d40): Error opening file output_jobid_3920765_extracted-fault.xdmf[0m
[0m[31m(   7.803s) [paraview        ]       vtkExecutive.cxx:729    ERR| vtkPVCompositeDataPipeline (0x2708010): Algorithm vtkFileSeriesReader (0x2705a80) returned failure for request: vtkInformation (0x4b95f70)
  Debug: Off
  Modified Time: 878733
  Reference Count: 1
  Registered Events: (none)
  Request: REQUEST_DATA_OBJECT
  FROM_OUTPUT_PORT: 0
  ALGORITHM_AFTER_FORWARD: 1
  FORWARD_DIRECTION: 0

[0m
[0m[31m(   7.803s) [paraview        ]       vtkExecutive.cxx:729    ERR| vtkCompositeDataPipeline (0x4b02e90): Algorithm vtkPVGeometryFilter (0x4c616f0) returned failure for request: vtkInformation (0x4b04080)
  Debug: Off
  Modified Time: 878737
  Reference Count: 1
  Registered Events: (none)
  Request: REQUEST_DATA_OBJECT
  FROM_OUTPUT_PORT: 0
  ALGORITHM_AFTER_FORWARD: 1
  FORWARD_DIRECTION: 0

[0m
[0m[31m(   7.803s) [paraview        ]      vtkXdmfReader.cxx:253    ERR| vtkXdmfReader (0x26f8d40): Error opening file output_jobid_3920765_extracted-fault.xdmf[0m
[0m[31m(   7.803s) [paraview        ]       vtkExecutive.cxx:729    ERR| vtkPVCompositeDataPipeline (0x2708010): Algorithm vtkFileSeriesReader (0x2705a80) returned failure for request: vtkInformation (0x4ab97e0)
  Debug: Off
  Modified Time: 878801
  Reference Count: 1
  Registered Events: (none)
  Request: REQUEST_DATA_OBJECT
  FROM_OUTPUT_PORT: 0
  ALGORITHM_AFTER_FORWARD: 1
  FORWARD_DIRECTION: 0

[0m
[0m[31m(   7.803s) [paraview        ]       vtkExecutive.cxx:729    ERR| vtkCompositeDataPipeline (0x4ad6a60): Algorithm vtkPVGeometryFilter (0x4aa73d0) returned failure for request: vtkInformation (0x4ad7b30)
  Debug: Off
  Modified Time: 878806
  Reference Count: 1
  Registered Events: (none)
  Request: REQUEST_DATA_OBJECT
  FROM_OUTPUT_PORT: 0
  ALGORITHM_AFTER_FORWARD: 1
  FORWARD_DIRECTION: 0

[0m
[0m[31m(   7.803s) [paraview        ]      vtkXdmfReader.cxx:253    ERR| vtkXdmfReader (0x26f8d40): Error opening file output_jobid_3920765_extracted-fault.xdmf[0m
[0m[31m(   7.803s) [paraview        ]       vtkExecutive.cxx:729    ERR| vtkPVCompositeDataPipeline (0x2708010): Algorithm vtkFileSeriesReader (0x2705a80) returned failure for request: vtkInformation (0x452c7b0)
  Debug: Off
  Modified Time: 878864
  Reference Count: 1
  Registered Events: (none)
  Request: REQUEST_DATA_OBJECT
  FROM_OUTPUT_PORT: 0
  ALGORITHM_AFTER_FORWARD: 1
  FORWARD_DIRECTION: 0

[0m
[0m[31m(   7.812s) [paraview        ]       vtkExecutive.cxx:729    ERR| vtkCompositeDataPipeline (0x4b02e90): Algorithm vtkPVGeometryFilter (0x4c616f0) returned failure for request: vtkInformation (0x4b04080)
  Debug: Off
  Modified Time: 878737
  Reference Count: 1
  Registered Events: (none)
  Request: REQUEST_DATA_OBJECT
  FROM_OUTPUT_PORT: 0
  ALGORITHM_AFTER_FORWARD: 1
  FORWARD_DIRECTION: 0

[0m
[0m[31m(   7.813s) [paraview        ]       vtkExecutive.cxx:729    ERR| vtkCompositeDataPipeline (0x4ad6a60): Algorithm vtkPVGeometryFilter (0x4aa73d0) returned failure for request: vtkInformation (0x4ad7b30)
  Debug: Off
  Modified Time: 878806
  Reference Count: 1
  Registered Events: (none)
  Request: REQUEST_DATA_OBJECT
  FROM_OUTPUT_PORT: 0
  ALGORITHM_AFTER_FORWARD: 1
  FORWARD_DIRECTION: 0

[0m
[0m[33m(   7.813s) [paraview        ]vtkSMColorMapEditorHelp:772   WARN| Failed to determine the LookupTable being used.[0m
[0m[31m(   7.813s) [paraview        ]       vtkExecutive.cxx:729    ERR| vtkCompositeDataPipeline (0x4b02e90): Algorithm vtkPVGeometryFilter (0x4c616f0) returned failure for request: vtkInformation (0x4b04080)
  Debug: Off
  Modified Time: 878737
  Reference Count: 1
  Registered Events: (none)
  Request: REQUEST_DATA_OBJECT
  FROM_OUTPUT_PORT: 0
  ALGORITHM_AFTER_FORWARD: 1
  FORWARD_DIRECTION: 0

[0m
[0m[31m(   7.813s) [paraview        ]       vtkExecutive.cxx:729    ERR| vtkCompositeDataPipeline (0x4ad6a60): Algorithm vtkPVGeometryFilter (0x4aa73d0) returned failure for request: vtkInformation (0x4ad7b30)
  Debug: Off
  Modified Time: 878806
  Reference Count: 1
  Registered Events: (none)
  Request: REQUEST_DATA_OBJECT
  FROM_OUTPUT_PORT: 0
  ALGORITHM_AFTER_FORWARD: 1
  FORWARD_DIRECTION: 0

[0m
[0m[31m(   7.818s) [paraview        ]      vtkXdmfReader.cxx:253    ERR| vtkXdmfReader (0x26f8d40): Error opening file output_jobid_3920765_extracted-fault.xdmf[0m
[0m[31m(   7.818s) [paraview        ]       vtkExecutive.cxx:729    ERR| vtkPVCompositeDataPipeline (0x2708010): Algorithm vtkFileSeriesReader (0x2705a80) returned failure for request: vtkInformation (0x5444140)
  Debug: Off
  Modified Time: 882181
  Reference Count: 1
  Registered Events: (none)
  Request: REQUEST_DATA_OBJECT
  FROM_OUTPUT_PORT: 0
  ALGORITHM_AFTER_FORWARD: 1
  FORWARD_DIRECTION: 0

[0m
[0m[31m(   7.819s) [paraview        ]      vtkXdmfReader.cxx:253    ERR| vtkXdmfReader (0x26f8d40): Error opening file output_jobid_3920765_extracted-fault.xdmf[0m
[0m[31m(   7.819s) [paraview        ]       vtkExecutive.cxx:729    ERR| vtkPVCompositeDataPipeline (0x2708010): Algorithm vtkFileSeriesReader (0x2705a80) returned failure for request: vtkInformation (0x546dc50)
  Debug: Off
  Modified Time: 882363
  Reference Count: 1
  Registered Events: (none)
  Request: REQUEST_DATA_OBJECT
  FROM_OUTPUT_PORT: 0
  ALGORITHM_AFTER_FORWARD: 1
  FORWARD_DIRECTION: 0

[0m
[0m[31m(   7.819s) [paraview        ]      vtkXdmfReader.cxx:253    ERR| vtkXdmfReader (0x26f8d40): Error opening file output_jobid_3920765_extracted-fault.xdmf[0m
[0m[31m(   7.819s) [paraview        ]       vtkExecutive.cxx:729    ERR| vtkPVCompositeDataPipeline (0x2708010): Algorithm vtkFileSeriesReader (0x2705a80) returned failure for request: vtkInformation (0x546dc50)
  Debug: Off
  Modified Time: 882363
  Reference Count: 1
  Registered Events: (none)
  Request: REQUEST_DATA_OBJECT
  FROM_OUTPUT_PORT: 0
  ALGORITHM_AFTER_FORWARD: 1
  FORWARD_DIRECTION: 0

[0m
[0m[31m(   7.935s) [paraview        ]      vtkXdmfReader.cxx:253    ERR| vtkXdmfReader (0x26f8d40): Error opening file output_jobid_3920765_extracted-fault.xdmf[0m
[0m[31m(   7.935s) [paraview        ]       vtkExecutive.cxx:729    ERR| vtkPVCompositeDataPipeline (0x2708010): Algorithm vtkFileSeriesReader (0x2705a80) returned failure for request: vtkInformation (0x546dc50)
  Debug: Off
  Modified Time: 882363
  Reference Count: 1
  Registered Events: (none)
  Request: REQUEST_DATA_OBJECT
  FROM_OUTPUT_PORT: 0
  ALGORITHM_AFTER_FORWARD: 1
  FORWARD_DIRECTION: 0

[0m
[0m[31m(   7.935s) [paraview        ]      vtkXdmfReader.cxx:253    ERR| vtkXdmfReader (0x26f8d40): Error opening file output_jobid_3920765_extracted-fault.xdmf[0m
[0m[31m(   7.935s) [paraview        ]       vtkExecutive.cxx:729    ERR| vtkPVCompositeDataPipeline (0x2708010): Algorithm vtkFileSeriesReader (0x2705a80) returned failure for request: vtkInformation (0x546dc50)
  Debug: Off
  Modified Time: 882363
  Reference Count: 1
  Registered Events: (none)
  Request: REQUEST_DATA_OBJECT
  FROM_OUTPUT_PORT: 0
  ALGORITHM_AFTER_FORWARD: 1
  FORWARD_DIRECTION: 0

[0m
[0m[33m(   7.946s) [paraview        ]vtkSMColorMapEditorHelp:772   WARN| Failed to determine the LookupTable being used.[0m
[0m[33m(   7.952s) [paraview        ]vtkSMColorMapEditorHelp:170   WARN| Could not determine array range.[0m
[0m[33m(   7.952s) [paraview        ]vtkSMColorMapEditorHelp:170   WARN| Could not determine array range.[0m
[0m[31m(   7.963s) [paraview        ]      vtkXdmfReader.cxx:253    ERR| vtkXdmfReader (0x26f8d40): Error opening file output_jobid_3920765_extracted-fault.xdmf[0m
[0m[31m(   7.964s) [paraview        ]       vtkExecutive.cxx:729    ERR| vtkPVCompositeDataPipeline (0x2708010): Algorithm vtkFileSeriesReader (0x2705a80) returned failure for request: vtkInformation (0x6352280)
  Debug: Off
  Modified Time: 1029681
  Reference Count: 1
  Registered Events: (none)
  Request: REQUEST_DATA_OBJECT
  FROM_OUTPUT_PORT: 0
  ALGORITHM_AFTER_FORWARD: 1
  FORWARD_DIRECTION: 0

[0m
[0m[31m(   7.964s) [paraview        ]      vtkXdmfReader.cxx:253    ERR| vtkXdmfReader (0x26f8d40): Error opening file output_jobid_3920765_extracted-fault.xdmf[0m
[0m[31m(   7.964s) [paraview        ]       vtkExecutive.cxx:729    ERR| vtkPVCompositeDataPipeline (0x2708010): Algorithm vtkFileSeriesReader (0x2705a80) returned failure for request: vtkInformation (0x635d190)
  Debug: Off
  Modified Time: 1029863
  Reference Count: 1
  Registered Events: (none)
  Request: REQUEST_DATA_OBJECT
  FROM_OUTPUT_PORT: 0
  ALGORITHM_AFTER_FORWARD: 1
  FORWARD_DIRECTION: 0

[0m
[0m[31m(   7.964s) [paraview        ]      vtkXdmfReader.cxx:253    ERR| vtkXdmfReader (0x26f8d40): Error opening file output_jobid_3920765_extracted-fault.xdmf[0m
[0m[31m(   7.965s) [paraview        ]       vtkExecutive.cxx:729    ERR| vtkPVCompositeDataPipeline (0x2708010): Algorithm vtkFileSeriesReader (0x2705a80) returned failure for request: vtkInformation (0x635d190)
  Debug: Off
  Modified Time: 1029863
  Reference Count: 1
  Registered Events: (none)
  Request: REQUEST_DATA_OBJECT
  FROM_OUTPUT_PORT: 0
  ALGORITHM_AFTER_FORWARD: 1
  FORWARD_DIRECTION: 0

[0m
[0m[31m(   8.076s) [paraview        ]      vtkXdmfReader.cxx:253    ERR| vtkXdmfReader (0x26f8d40): Error opening file output_jobid_3920765_extracted-fault.xdmf[0m
[0m[31m(   8.076s) [paraview        ]       vtkExecutive.cxx:729    ERR| vtkPVCompositeDataPipeline (0x2708010): Algorithm vtkFileSeriesReader (0x2705a80) returned failure for request: vtkInformation (0x635d190)
  Debug: Off
  Modified Time: 1029863
  Reference Count: 1
  Registered Events: (none)
  Request: REQUEST_DATA_OBJECT
  FROM_OUTPUT_PORT: 0
  ALGORITHM_AFTER_FORWARD: 1
  FORWARD_DIRECTION: 0

[0m
[0m[31m(   8.076s) [paraview        ]      vtkXdmfReader.cxx:253    ERR| vtkXdmfReader (0x26f8d40): Error opening file output_jobid_3920765_extracted-fault.xdmf[0m
[0m[31m(   8.076s) [paraview        ]       vtkExecutive.cxx:729    ERR| vtkPVCompositeDataPipeline (0x2708010): Algorithm vtkFileSeriesReader (0x2705a80) returned failure for request: vtkInformation (0x635d190)
  Debug: Off
  Modified Time: 1029863
  Reference Count: 1
  Registered Events: (none)
  Request: REQUEST_DATA_OBJECT
  FROM_OUTPUT_PORT: 0
  ALGORITHM_AFTER_FORWARD: 1
  FORWARD_DIRECTION: 0

[0m
[0m[31m(   8.087s) [paraview        ]      vtkXdmfReader.cxx:253    ERR| vtkXdmfReader (0x26f8d40): Error opening file output_jobid_3920765_extracted-fault.xdmf[0m
[0m[31m(   8.087s) [paraview        ]       vtkExecutive.cxx:729    ERR| vtkPVCompositeDataPipeline (0x2708010): Algorithm vtkFileSeriesReader (0x2705a80) returned failure for request: vtkInformation (0x635d190)
  Debug: Off
  Modified Time: 1029863
  Reference Count: 1
  Registered Events: (none)
  Request: REQUEST_DATA_OBJECT
  FROM_OUTPUT_PORT: 0
  ALGORITHM_AFTER_FORWARD: 1
  FORWARD_DIRECTION: 0

[0m
[0m[31m(   8.088s) [paraview        ]      vtkXdmfReader.cxx:253    ERR| vtkXdmfReader (0x26f8d40): Error opening file output_jobid_3920765_extracted-fault.xdmf[0m
[0m[31m(   8.088s) [paraview        ]       vtkExecutive.cxx:729    ERR| vtkPVCompositeDataPipeline (0x2708010): Algorithm vtkFileSeriesReader (0x2705a80) returned failure for request: vtkInformation (0x635d190)
  Debug: Off
  Modified Time: 1029863
  Reference Count: 1
  Registered Events: (none)
  Request: REQUEST_DATA_OBJECT
  FROM_OUTPUT_PORT: 0
  ALGORITHM_AFTER_FORWARD: 1
  FORWARD_DIRECTION: 0

[0m
[0m[31m(   8.091s) [paraview        ]      vtkXdmfReader.cxx:253    ERR| vtkXdmfReader (0x26f8d40): Error opening file output_jobid_3920765_extracted-fault.xdmf[0m
[0m[31m(   8.091s) [paraview        ]       vtkExecutive.cxx:729    ERR| vtkPVCompositeDataPipeline (0x2708010): Algorithm vtkFileSeriesReader (0x2705a80) returned failure for request: vtkInformation (0x6f040b0)
  Debug: Off
  Modified Time: 1171875
  Reference Count: 1
  Registered Events: (none)
  Request: REQUEST_DATA_OBJECT
  FROM_OUTPUT_PORT: 0
  ALGORITHM_AFTER_FORWARD: 1
  FORWARD_DIRECTION: 0

[0m
[0m[31m(   8.091s) [paraview        ]      vtkXdmfReader.cxx:253    ERR| vtkXdmfReader (0x26f8d40): Error opening file output_jobid_3920765_extracted-fault.xdmf[0m
[0m[31m(   8.091s) [paraview        ]       vtkExecutive.cxx:729    ERR| vtkPVCompositeDataPipeline (0x2708010): Algorithm vtkFileSeriesReader (0x2705a80) returned failure for request: vtkInformation (0x6f040b0)
  Debug: Off
  Modified Time: 1171875
  Reference Count: 1
  Registered Events: (none)
  Request: REQUEST_DATA_OBJECT
  FROM_OUTPUT_PORT: 0
  ALGORITHM_AFTER_FORWARD: 1
  FORWARD_DIRECTION: 0

[0m
Traceback (most recent call last):
  File "/dss/dsshome1/01/di35poq/soft/plot_initial_stress_profile.py", line 58, in <module>
    data = pd.read_csv(csvfile)
  File "/dss/dsshome1/01/di35poq/.local/lib/python3.8/site-packages/pandas/io/parsers/readers.py", line 912, in read_csv
    return _read(filepath_or_buffer, kwds)
  File "/dss/dsshome1/01/di35poq/.local/lib/python3.8/site-packages/pandas/io/parsers/readers.py", line 577, in _read
    parser = TextFileReader(filepath_or_buffer, **kwds)
  File "/dss/dsshome1/01/di35poq/.local/lib/python3.8/site-packages/pandas/io/parsers/readers.py", line 1407, in __init__
    self._engine = self._make_engine(f, self.engine)
  File "/dss/dsshome1/01/di35poq/.local/lib/python3.8/site-packages/pandas/io/parsers/readers.py", line 1679, in _make_engine
    return mapping[engine](f, **self.options)
  File "/dss/dsshome1/01/di35poq/.local/lib/python3.8/site-packages/pandas/io/parsers/c_parser_wrapper.py", line 93, in __init__
    self._reader = parsers.TextReader(src, **kwds)
  File "pandas/_libs/parsers.pyx", line 557, in pandas._libs.parsers.TextReader.__cinit__
pandas.errors.EmptyDataError: No columns to parse from file
/var/spool/slurm/job3920765/slurm_script: line 95: popd: directory stack empty
cp: target '/hppfs/scratch/01/di35poq/haiti-rupture-outputs/dynamic-rupture-outputs/variable_SH_max/jobid_3920765/logs/' is not a directory
